Aligning reads from sample T2_7053 to ptabu index
Aligning reads to target genomes and retaining both mathcing and non-matching reads
48022982 reads; of these:
  48022982 (100.00%) were paired; of these:
    9499397 (19.78%) aligned concordantly 0 times
    19835822 (41.30%) aligned concordantly exactly 1 time
    18687763 (38.91%) aligned concordantly >1 times
    ----
    9499397 pairs aligned concordantly 0 times; of these:
      257322 (2.71%) aligned discordantly 1 time
    ----
    9242075 pairs aligned 0 times concordantly or discordantly; of these:
      18484150 mates make up the pairs; of these:
        10793421 (58.39%) aligned 0 times
        5038261 (27.26%) aligned exactly 1 time
        2652468 (14.35%) aligned >1 times
88.76% overall alignment rate
Finished aligning paired reads for T2_7053
Reads in TMPDIR:
T2_7053.hostreads.1.fq.gz
T2_7053.hostreads.2.fq.gz
T2_7053.nonhostreads.1.fq.gz
T2_7053.nonhostreads.2.fq.gz
T2_7053.sam
Copying across paired host reads and renaming
Aligning reads from sample T2_7053 to ptabu index + other non target genomes and retaining the reads that don't match to the non host index (i.e. putative microbial reads)
9499397 reads; of these:
  9499397 (100.00%) were paired; of these:
    9179443 (96.63%) aligned concordantly 0 times
    297473 (3.13%) aligned concordantly exactly 1 time
    22481 (0.24%) aligned concordantly >1 times
    ----
    9179443 pairs aligned concordantly 0 times; of these:
      29560 (0.32%) aligned discordantly 1 time
    ----
    9149883 pairs aligned 0 times concordantly or discordantly; of these:
      18299766 mates make up the pairs; of these:
        17128907 (93.60%) aligned 0 times
        987896 (5.40%) aligned exactly 1 time
        182963 (1.00%) aligned >1 times
9.84% overall alignment rate
Finished extracting putative microbial reads for sample T2_7053
