Aligning reads from sample T3_7534 to ptabu index
Aligning reads to target genomes and retaining both mathcing and non-matching reads
46056146 reads; of these:
  46056146 (100.00%) were paired; of these:
    8687992 (18.86%) aligned concordantly 0 times
    19267353 (41.83%) aligned concordantly exactly 1 time
    18100801 (39.30%) aligned concordantly >1 times
    ----
    8687992 pairs aligned concordantly 0 times; of these:
      200047 (2.30%) aligned discordantly 1 time
    ----
    8487945 pairs aligned 0 times concordantly or discordantly; of these:
      16975890 mates make up the pairs; of these:
        9946724 (58.59%) aligned 0 times
        4433654 (26.12%) aligned exactly 1 time
        2595512 (15.29%) aligned >1 times
89.20% overall alignment rate
Finished aligning paired reads for T3_7534
Reads in TMPDIR:
T3_7534.hostreads.1.fq.gz
T3_7534.hostreads.2.fq.gz
T3_7534.nonhostreads.1.fq.gz
T3_7534.nonhostreads.2.fq.gz
T3_7534.sam
Copying across paired host reads and renaming
Aligning reads from sample T3_7534 to ptabu index + other non target genomes and retaining the reads that don't match to the non host index (i.e. putative microbial reads)
8687992 reads; of these:
  8687992 (100.00%) were paired; of these:
    8389843 (96.57%) aligned concordantly 0 times
    284351 (3.27%) aligned concordantly exactly 1 time
    13798 (0.16%) aligned concordantly >1 times
    ----
    8389843 pairs aligned concordantly 0 times; of these:
      24010 (0.29%) aligned discordantly 1 time
    ----
    8365833 pairs aligned 0 times concordantly or discordantly; of these:
      16731666 mates make up the pairs; of these:
        15771086 (94.26%) aligned 0 times
        864292 (5.17%) aligned exactly 1 time
        96288 (0.58%) aligned >1 times
9.24% overall alignment rate
Finished extracting putative microbial reads for sample T3_7534
