Aligning reads from sample T2_7600 to ptabu index
Aligning reads to target genomes and retaining both mathcing and non-matching reads
47983025 reads; of these:
  47983025 (100.00%) were paired; of these:
    9588104 (19.98%) aligned concordantly 0 times
    18696235 (38.96%) aligned concordantly exactly 1 time
    19698686 (41.05%) aligned concordantly >1 times
    ----
    9588104 pairs aligned concordantly 0 times; of these:
      242769 (2.53%) aligned discordantly 1 time
    ----
    9345335 pairs aligned 0 times concordantly or discordantly; of these:
      18690670 mates make up the pairs; of these:
        10263810 (54.91%) aligned 0 times
        5145645 (27.53%) aligned exactly 1 time
        3281215 (17.56%) aligned >1 times
89.30% overall alignment rate
Finished aligning paired reads for T2_7600
Reads in TMPDIR:
T2_7600.hostreads.1.fq.gz
T2_7600.hostreads.2.fq.gz
T2_7600.nonhostreads.1.fq.gz
T2_7600.nonhostreads.2.fq.gz
T2_7600.sam
Copying across paired host reads and renaming
Aligning reads from sample T2_7600 to ptabu index + other non target genomes and retaining the reads that don't match to the non host index (i.e. putative microbial reads)
9588104 reads; of these:
  9588104 (100.00%) were paired; of these:
    9234116 (96.31%) aligned concordantly 0 times
    336028 (3.50%) aligned concordantly exactly 1 time
    17960 (0.19%) aligned concordantly >1 times
    ----
    9234116 pairs aligned concordantly 0 times; of these:
      36549 (0.40%) aligned discordantly 1 time
    ----
    9197567 pairs aligned 0 times concordantly or discordantly; of these:
      18395134 mates make up the pairs; of these:
        17059908 (92.74%) aligned 0 times
        1162899 (6.32%) aligned exactly 1 time
        172327 (0.94%) aligned >1 times
11.04% overall alignment rate
Finished extracting putative microbial reads for sample T2_7600
