Aligning reads from sample T2_7628 to ptabu index
Aligning reads to target genomes and retaining both mathcing and non-matching reads
45813370 reads; of these:
  45813370 (100.00%) were paired; of these:
    8569141 (18.70%) aligned concordantly 0 times
    17676937 (38.58%) aligned concordantly exactly 1 time
    19567292 (42.71%) aligned concordantly >1 times
    ----
    8569141 pairs aligned concordantly 0 times; of these:
      209917 (2.45%) aligned discordantly 1 time
    ----
    8359224 pairs aligned 0 times concordantly or discordantly; of these:
      16718448 mates make up the pairs; of these:
        8875219 (53.09%) aligned 0 times
        4610502 (27.58%) aligned exactly 1 time
        3232727 (19.34%) aligned >1 times
90.31% overall alignment rate
Finished aligning paired reads for T2_7628
Reads in TMPDIR:
T2_7628.hostreads.1.fq.gz
T2_7628.hostreads.2.fq.gz
T2_7628.nonhostreads.1.fq.gz
T2_7628.nonhostreads.2.fq.gz
T2_7628.sam
Copying across paired host reads and renaming
Aligning reads from sample T2_7628 to ptabu index + other non target genomes and retaining the reads that don't match to the non host index (i.e. putative microbial reads)
8569141 reads; of these:
  8569141 (100.00%) were paired; of these:
    8239296 (96.15%) aligned concordantly 0 times
    318798 (3.72%) aligned concordantly exactly 1 time
    11047 (0.13%) aligned concordantly >1 times
    ----
    8239296 pairs aligned concordantly 0 times; of these:
      32487 (0.39%) aligned discordantly 1 time
    ----
    8206809 pairs aligned 0 times concordantly or discordantly; of these:
      16413618 mates make up the pairs; of these:
        15173033 (92.44%) aligned 0 times
        1133092 (6.90%) aligned exactly 1 time
        107493 (0.65%) aligned >1 times
11.47% overall alignment rate
Finished extracting putative microbial reads for sample T2_7628
