Aligning reads from sample T2_7383 to ptabu index
Aligning reads to target genomes and retaining both mathcing and non-matching reads
51282939 reads; of these:
  51282939 (100.00%) were paired; of these:
    9973533 (19.45%) aligned concordantly 0 times
    20445237 (39.87%) aligned concordantly exactly 1 time
    20864169 (40.68%) aligned concordantly >1 times
    ----
    9973533 pairs aligned concordantly 0 times; of these:
      243912 (2.45%) aligned discordantly 1 time
    ----
    9729621 pairs aligned 0 times concordantly or discordantly; of these:
      19459242 mates make up the pairs; of these:
        10842300 (55.72%) aligned 0 times
        5211321 (26.78%) aligned exactly 1 time
        3405621 (17.50%) aligned >1 times
89.43% overall alignment rate
Finished aligning paired reads for T2_7383
Reads in TMPDIR:
T2_7383.hostreads.1.fq.gz
T2_7383.hostreads.2.fq.gz
T2_7383.nonhostreads.1.fq.gz
T2_7383.nonhostreads.2.fq.gz
T2_7383.sam
Copying across paired host reads and renaming
Aligning reads from sample T2_7383 to ptabu index + other non target genomes and retaining the reads that don't match to the non host index (i.e. putative microbial reads)
9973533 reads; of these:
  9973533 (100.00%) were paired; of these:
    9591355 (96.17%) aligned concordantly 0 times
    362084 (3.63%) aligned concordantly exactly 1 time
    20094 (0.20%) aligned concordantly >1 times
    ----
    9591355 pairs aligned concordantly 0 times; of these:
      34498 (0.36%) aligned discordantly 1 time
    ----
    9556857 pairs aligned 0 times concordantly or discordantly; of these:
      19113714 mates make up the pairs; of these:
        17770643 (92.97%) aligned 0 times
        1174326 (6.14%) aligned exactly 1 time
        168745 (0.88%) aligned >1 times
10.91% overall alignment rate
Finished extracting putative microbial reads for sample T2_7383
