Aligning reads from sample T2_7078 to ptabu index
Aligning reads to target genomes and retaining both mathcing and non-matching reads
52287778 reads; of these:
  52287778 (100.00%) were paired; of these:
    10777038 (20.61%) aligned concordantly 0 times
    20224476 (38.68%) aligned concordantly exactly 1 time
    21286264 (40.71%) aligned concordantly >1 times
    ----
    10777038 pairs aligned concordantly 0 times; of these:
      263142 (2.44%) aligned discordantly 1 time
    ----
    10513896 pairs aligned 0 times concordantly or discordantly; of these:
      21027792 mates make up the pairs; of these:
        11818860 (56.21%) aligned 0 times
        5442267 (25.88%) aligned exactly 1 time
        3766665 (17.91%) aligned >1 times
88.70% overall alignment rate
Finished aligning paired reads for T2_7078
Reads in TMPDIR:
T2_7078.hostreads.1.fq.gz
T2_7078.hostreads.2.fq.gz
T2_7078.nonhostreads.1.fq.gz
T2_7078.nonhostreads.2.fq.gz
T2_7078.sam
Copying across paired host reads and renaming
Aligning reads from sample T2_7078 to ptabu index + other non target genomes and retaining the reads that don't match to the non host index (i.e. putative microbial reads)
10777038 reads; of these:
  10777038 (100.00%) were paired; of these:
    10361873 (96.15%) aligned concordantly 0 times
    391523 (3.63%) aligned concordantly exactly 1 time
    23642 (0.22%) aligned concordantly >1 times
    ----
    10361873 pairs aligned concordantly 0 times; of these:
      42959 (0.41%) aligned discordantly 1 time
    ----
    10318914 pairs aligned 0 times concordantly or discordantly; of these:
      20637828 mates make up the pairs; of these:
        19128728 (92.69%) aligned 0 times
        1300769 (6.30%) aligned exactly 1 time
        208331 (1.01%) aligned >1 times
11.25% overall alignment rate
Finished extracting putative microbial reads for sample T2_7078
