Aligning reads from sample T2_7542 to ptabu index
Aligning reads to target genomes and retaining both mathcing and non-matching reads
44109381 reads; of these:
  44109381 (100.00%) were paired; of these:
    8827820 (20.01%) aligned concordantly 0 times
    16678709 (37.81%) aligned concordantly exactly 1 time
    18602852 (42.17%) aligned concordantly >1 times
    ----
    8827820 pairs aligned concordantly 0 times; of these:
      211961 (2.40%) aligned discordantly 1 time
    ----
    8615859 pairs aligned 0 times concordantly or discordantly; of these:
      17231718 mates make up the pairs; of these:
        9344413 (54.23%) aligned 0 times
        4739343 (27.50%) aligned exactly 1 time
        3147962 (18.27%) aligned >1 times
89.41% overall alignment rate
Finished aligning paired reads for T2_7542
Reads in TMPDIR:
T2_7542.hostreads.1.fq.gz
T2_7542.hostreads.2.fq.gz
T2_7542.nonhostreads.1.fq.gz
T2_7542.nonhostreads.2.fq.gz
T2_7542.sam
Copying across paired host reads and renaming
Aligning reads from sample T2_7542 to ptabu index + other non target genomes and retaining the reads that don't match to the non host index (i.e. putative microbial reads)
8827820 reads; of these:
  8827820 (100.00%) were paired; of these:
    8462454 (95.86%) aligned concordantly 0 times
    346278 (3.92%) aligned concordantly exactly 1 time
    19088 (0.22%) aligned concordantly >1 times
    ----
    8462454 pairs aligned concordantly 0 times; of these:
      34753 (0.41%) aligned discordantly 1 time
    ----
    8427701 pairs aligned 0 times concordantly or discordantly; of these:
      16855402 mates make up the pairs; of these:
        15545027 (92.23%) aligned 0 times
        1138579 (6.75%) aligned exactly 1 time
        171796 (1.02%) aligned >1 times
11.95% overall alignment rate
Finished extracting putative microbial reads for sample T2_7542
