Aligning reads from sample T3_7507 to ptabu index
Aligning reads to target genomes and retaining both mathcing and non-matching reads
49729384 reads; of these:
  49729384 (100.00%) were paired; of these:
    11825380 (23.78%) aligned concordantly 0 times
    20623671 (41.47%) aligned concordantly exactly 1 time
    17280333 (34.75%) aligned concordantly >1 times
    ----
    11825380 pairs aligned concordantly 0 times; of these:
      278607 (2.36%) aligned discordantly 1 time
    ----
    11546773 pairs aligned 0 times concordantly or discordantly; of these:
      23093546 mates make up the pairs; of these:
        13357581 (57.84%) aligned 0 times
        6119993 (26.50%) aligned exactly 1 time
        3615972 (15.66%) aligned >1 times
86.57% overall alignment rate
Finished aligning paired reads for T3_7507
Reads in TMPDIR:
T3_7507.hostreads.1.fq.gz
T3_7507.hostreads.2.fq.gz
T3_7507.nonhostreads.1.fq.gz
T3_7507.nonhostreads.2.fq.gz
T3_7507.sam
Copying across paired host reads and renaming
Aligning reads from sample T3_7507 to ptabu index + other non target genomes and retaining the reads that don't match to the non host index (i.e. putative microbial reads)
11825380 reads; of these:
  11825380 (100.00%) were paired; of these:
    11437538 (96.72%) aligned concordantly 0 times
    367144 (3.10%) aligned concordantly exactly 1 time
    20698 (0.18%) aligned concordantly >1 times
    ----
    11437538 pairs aligned concordantly 0 times; of these:
      36806 (0.32%) aligned discordantly 1 time
    ----
    11400732 pairs aligned 0 times concordantly or discordantly; of these:
      22801464 mates make up the pairs; of these:
        21330389 (93.55%) aligned 0 times
        1268555 (5.56%) aligned exactly 1 time
        202520 (0.89%) aligned >1 times
9.81% overall alignment rate
Finished extracting putative microbial reads for sample T3_7507
