Aligning reads from sample T2_7412 to ptabu index
Aligning reads to target genomes and retaining both mathcing and non-matching reads
48618247 reads; of these:
  48618247 (100.00%) were paired; of these:
    8570479 (17.63%) aligned concordantly 0 times
    18431813 (37.91%) aligned concordantly exactly 1 time
    21615955 (44.46%) aligned concordantly >1 times
    ----
    8570479 pairs aligned concordantly 0 times; of these:
      213078 (2.49%) aligned discordantly 1 time
    ----
    8357401 pairs aligned 0 times concordantly or discordantly; of these:
      16714802 mates make up the pairs; of these:
        9075569 (54.30%) aligned 0 times
        4536497 (27.14%) aligned exactly 1 time
        3102736 (18.56%) aligned >1 times
90.67% overall alignment rate
Finished aligning paired reads for T2_7412
Reads in TMPDIR:
T2_7412.hostreads.1.fq.gz
T2_7412.hostreads.2.fq.gz
T2_7412.nonhostreads.1.fq.gz
T2_7412.nonhostreads.2.fq.gz
T2_7412.sam
Copying across paired host reads and renaming
Aligning reads from sample T2_7412 to ptabu index + other non target genomes and retaining the reads that don't match to the non host index (i.e. putative microbial reads)
8570479 reads; of these:
  8570479 (100.00%) were paired; of these:
    8224311 (95.96%) aligned concordantly 0 times
    334050 (3.90%) aligned concordantly exactly 1 time
    12118 (0.14%) aligned concordantly >1 times
    ----
    8224311 pairs aligned concordantly 0 times; of these:
      28683 (0.35%) aligned discordantly 1 time
    ----
    8195628 pairs aligned 0 times concordantly or discordantly; of these:
      16391256 mates make up the pairs; of these:
        15284073 (93.25%) aligned 0 times
        1008939 (6.16%) aligned exactly 1 time
        98244 (0.60%) aligned >1 times
10.83% overall alignment rate
Finished extracting putative microbial reads for sample T2_7412
