Aligning reads from sample T2_7085 to ptabu index
Aligning reads to target genomes and retaining both mathcing and non-matching reads
48070615 reads; of these:
  48070615 (100.00%) were paired; of these:
    9964481 (20.73%) aligned concordantly 0 times
    18706064 (38.91%) aligned concordantly exactly 1 time
    19400070 (40.36%) aligned concordantly >1 times
    ----
    9964481 pairs aligned concordantly 0 times; of these:
      240340 (2.41%) aligned discordantly 1 time
    ----
    9724141 pairs aligned 0 times concordantly or discordantly; of these:
      19448282 mates make up the pairs; of these:
        11224940 (57.72%) aligned 0 times
        4961728 (25.51%) aligned exactly 1 time
        3261614 (16.77%) aligned >1 times
88.32% overall alignment rate
Finished aligning paired reads for T2_7085
Reads in TMPDIR:
T2_7085.hostreads.1.fq.gz
T2_7085.hostreads.2.fq.gz
T2_7085.nonhostreads.1.fq.gz
T2_7085.nonhostreads.2.fq.gz
T2_7085.sam
Copying across paired host reads and renaming
Aligning reads from sample T2_7085 to ptabu index + other non target genomes and retaining the reads that don't match to the non host index (i.e. putative microbial reads)
9964481 reads; of these:
  9964481 (100.00%) were paired; of these:
    9596871 (96.31%) aligned concordantly 0 times
    347443 (3.49%) aligned concordantly exactly 1 time
    20167 (0.20%) aligned concordantly >1 times
    ----
    9596871 pairs aligned concordantly 0 times; of these:
      34191 (0.36%) aligned discordantly 1 time
    ----
    9562680 pairs aligned 0 times concordantly or discordantly; of these:
      19125360 mates make up the pairs; of these:
        17830424 (93.23%) aligned 0 times
        1115313 (5.83%) aligned exactly 1 time
        179623 (0.94%) aligned >1 times
10.53% overall alignment rate
Finished extracting putative microbial reads for sample T2_7085
