Aligning reads from sample T3_7183 to ptabu index
Aligning reads to target genomes and retaining both mathcing and non-matching reads
45837138 reads; of these:
  45837138 (100.00%) were paired; of these:
    9356698 (20.41%) aligned concordantly 0 times
    18973596 (41.39%) aligned concordantly exactly 1 time
    17506844 (38.19%) aligned concordantly >1 times
    ----
    9356698 pairs aligned concordantly 0 times; of these:
      235731 (2.52%) aligned discordantly 1 time
    ----
    9120967 pairs aligned 0 times concordantly or discordantly; of these:
      18241934 mates make up the pairs; of these:
        10809006 (59.25%) aligned 0 times
        4592448 (25.18%) aligned exactly 1 time
        2840480 (15.57%) aligned >1 times
88.21% overall alignment rate
Finished aligning paired reads for T3_7183
Reads in TMPDIR:
T3_7183.hostreads.1.fq.gz
T3_7183.hostreads.2.fq.gz
T3_7183.nonhostreads.1.fq.gz
T3_7183.nonhostreads.2.fq.gz
T3_7183.sam
Copying across paired host reads and renaming
Aligning reads from sample T3_7183 to ptabu index + other non target genomes and retaining the reads that don't match to the non host index (i.e. putative microbial reads)
9356698 reads; of these:
  9356698 (100.00%) were paired; of these:
    9048698 (96.71%) aligned concordantly 0 times
    294555 (3.15%) aligned concordantly exactly 1 time
    13445 (0.14%) aligned concordantly >1 times
    ----
    9048698 pairs aligned concordantly 0 times; of these:
      25623 (0.28%) aligned discordantly 1 time
    ----
    9023075 pairs aligned 0 times concordantly or discordantly; of these:
      18046150 mates make up the pairs; of these:
        16977497 (94.08%) aligned 0 times
        955696 (5.30%) aligned exactly 1 time
        112957 (0.63%) aligned >1 times
9.28% overall alignment rate
Finished extracting putative microbial reads for sample T3_7183
