Aligning reads from sample T2_7183 to ptabu index
Aligning reads to target genomes and retaining both mathcing and non-matching reads
53362563 reads; of these:
  53362563 (100.00%) were paired; of these:
    10966244 (20.55%) aligned concordantly 0 times
    23021282 (43.14%) aligned concordantly exactly 1 time
    19375037 (36.31%) aligned concordantly >1 times
    ----
    10966244 pairs aligned concordantly 0 times; of these:
      290332 (2.65%) aligned discordantly 1 time
    ----
    10675912 pairs aligned 0 times concordantly or discordantly; of these:
      21351824 mates make up the pairs; of these:
        12616619 (59.09%) aligned 0 times
        5561927 (26.05%) aligned exactly 1 time
        3173278 (14.86%) aligned >1 times
88.18% overall alignment rate
Finished aligning paired reads for T2_7183
Reads in TMPDIR:
T2_7183.hostreads.1.fq.gz
T2_7183.hostreads.2.fq.gz
T2_7183.nonhostreads.1.fq.gz
T2_7183.nonhostreads.2.fq.gz
T2_7183.sam
Copying across paired host reads and renaming
Aligning reads from sample T2_7183 to ptabu index + other non target genomes and retaining the reads that don't match to the non host index (i.e. putative microbial reads)
10966244 reads; of these:
  10966244 (100.00%) were paired; of these:
    10603025 (96.69%) aligned concordantly 0 times
    343679 (3.13%) aligned concordantly exactly 1 time
    19540 (0.18%) aligned concordantly >1 times
    ----
    10603025 pairs aligned concordantly 0 times; of these:
      30594 (0.29%) aligned discordantly 1 time
    ----
    10572431 pairs aligned 0 times concordantly or discordantly; of these:
      21144862 mates make up the pairs; of these:
        19900528 (94.12%) aligned 0 times
        1079734 (5.11%) aligned exactly 1 time
        164600 (0.78%) aligned >1 times
9.26% overall alignment rate
Finished extracting putative microbial reads for sample T2_7183
