Aligning reads from sample T2_7436 to ptabu index
Aligning reads to target genomes and retaining both mathcing and non-matching reads
45397827 reads; of these:
  45397827 (100.00%) were paired; of these:
    9473878 (20.87%) aligned concordantly 0 times
    18642846 (41.07%) aligned concordantly exactly 1 time
    17281103 (38.07%) aligned concordantly >1 times
    ----
    9473878 pairs aligned concordantly 0 times; of these:
      216325 (2.28%) aligned discordantly 1 time
    ----
    9257553 pairs aligned 0 times concordantly or discordantly; of these:
      18515106 mates make up the pairs; of these:
        10332523 (55.81%) aligned 0 times
        5176484 (27.96%) aligned exactly 1 time
        3006099 (16.24%) aligned >1 times
88.62% overall alignment rate
Finished aligning paired reads for T2_7436
Reads in TMPDIR:
T2_7436.hostreads.1.fq.gz
T2_7436.hostreads.2.fq.gz
T2_7436.nonhostreads.1.fq.gz
T2_7436.nonhostreads.2.fq.gz
T2_7436.sam
Copying across paired host reads and renaming
Aligning reads from sample T2_7436 to ptabu index + other non target genomes and retaining the reads that don't match to the non host index (i.e. putative microbial reads)
9473878 reads; of these:
  9473878 (100.00%) were paired; of these:
    9116865 (96.23%) aligned concordantly 0 times
    339231 (3.58%) aligned concordantly exactly 1 time
    17782 (0.19%) aligned concordantly >1 times
    ----
    9116865 pairs aligned concordantly 0 times; of these:
      28822 (0.32%) aligned discordantly 1 time
    ----
    9088043 pairs aligned 0 times concordantly or discordantly; of these:
      18176086 mates make up the pairs; of these:
        16933315 (93.16%) aligned 0 times
        1101967 (6.06%) aligned exactly 1 time
        140804 (0.77%) aligned >1 times
10.63% overall alignment rate
Finished extracting putative microbial reads for sample T2_7436
