Aligning reads from sample T2_7276 to ptabu index
Aligning reads to target genomes and retaining both mathcing and non-matching reads
57928201 reads; of these:
  57928201 (100.00%) were paired; of these:
    13582222 (23.45%) aligned concordantly 0 times
    25837417 (44.60%) aligned concordantly exactly 1 time
    18508562 (31.95%) aligned concordantly >1 times
    ----
    13582222 pairs aligned concordantly 0 times; of these:
      317423 (2.34%) aligned discordantly 1 time
    ----
    13264799 pairs aligned 0 times concordantly or discordantly; of these:
      26529598 mates make up the pairs; of these:
        16393761 (61.79%) aligned 0 times
        6747783 (25.43%) aligned exactly 1 time
        3388054 (12.77%) aligned >1 times
85.85% overall alignment rate
Finished aligning paired reads for T2_7276
Reads in TMPDIR:
T2_7276.hostreads.1.fq.gz
T2_7276.hostreads.2.fq.gz
T2_7276.nonhostreads.1.fq.gz
T2_7276.nonhostreads.2.fq.gz
T2_7276.sam
Copying across paired host reads and renaming
Aligning reads from sample T2_7276 to ptabu index + other non target genomes and retaining the reads that don't match to the non host index (i.e. putative microbial reads)
13582222 reads; of these:
  13582222 (100.00%) were paired; of these:
    13191603 (97.12%) aligned concordantly 0 times
    357326 (2.63%) aligned concordantly exactly 1 time
    33293 (0.25%) aligned concordantly >1 times
    ----
    13191603 pairs aligned concordantly 0 times; of these:
      33728 (0.26%) aligned discordantly 1 time
    ----
    13157875 pairs aligned 0 times concordantly or discordantly; of these:
      26315750 mates make up the pairs; of these:
        24783040 (94.18%) aligned 0 times
        1286226 (4.89%) aligned exactly 1 time
        246484 (0.94%) aligned >1 times
8.77% overall alignment rate
Finished extracting putative microbial reads for sample T2_7276
