Aligning reads from sample T3_7128 to ptabu index
Aligning reads to target genomes and retaining both mathcing and non-matching reads
46713010 reads; of these:
  46713010 (100.00%) were paired; of these:
    9801111 (20.98%) aligned concordantly 0 times
    20289293 (43.43%) aligned concordantly exactly 1 time
    16622606 (35.58%) aligned concordantly >1 times
    ----
    9801111 pairs aligned concordantly 0 times; of these:
      240690 (2.46%) aligned discordantly 1 time
    ----
    9560421 pairs aligned 0 times concordantly or discordantly; of these:
      19120842 mates make up the pairs; of these:
        11314890 (59.18%) aligned 0 times
        5092775 (26.63%) aligned exactly 1 time
        2713177 (14.19%) aligned >1 times
87.89% overall alignment rate
Finished aligning paired reads for T3_7128
Reads in TMPDIR:
T3_7128.hostreads.1.fq.gz
T3_7128.hostreads.2.fq.gz
T3_7128.nonhostreads.1.fq.gz
T3_7128.nonhostreads.2.fq.gz
T3_7128.sam
Copying across paired host reads and renaming
Aligning reads from sample T3_7128 to ptabu index + other non target genomes and retaining the reads that don't match to the non host index (i.e. putative microbial reads)
9801111 reads; of these:
  9801111 (100.00%) were paired; of these:
    9483062 (96.75%) aligned concordantly 0 times
    296682 (3.03%) aligned concordantly exactly 1 time
    21367 (0.22%) aligned concordantly >1 times
    ----
    9483062 pairs aligned concordantly 0 times; of these:
      26457 (0.28%) aligned discordantly 1 time
    ----
    9456605 pairs aligned 0 times concordantly or discordantly; of these:
      18913210 mates make up the pairs; of these:
        17764092 (93.92%) aligned 0 times
        986539 (5.22%) aligned exactly 1 time
        162579 (0.86%) aligned >1 times
9.38% overall alignment rate
Finished extracting putative microbial reads for sample T3_7128
