Aligning reads from sample T2_7500 to ptabu index
Aligning reads to target genomes and retaining both mathcing and non-matching reads
51269824 reads; of these:
  51269824 (100.00%) were paired; of these:
    11096432 (21.64%) aligned concordantly 0 times
    21304028 (41.55%) aligned concordantly exactly 1 time
    18869364 (36.80%) aligned concordantly >1 times
    ----
    11096432 pairs aligned concordantly 0 times; of these:
      280878 (2.53%) aligned discordantly 1 time
    ----
    10815554 pairs aligned 0 times concordantly or discordantly; of these:
      21631108 mates make up the pairs; of these:
        12510617 (57.84%) aligned 0 times
        5818547 (26.90%) aligned exactly 1 time
        3301944 (15.26%) aligned >1 times
87.80% overall alignment rate
Finished aligning paired reads for T2_7500
Reads in TMPDIR:
T2_7500.hostreads.1.fq.gz
T2_7500.hostreads.2.fq.gz
T2_7500.nonhostreads.1.fq.gz
T2_7500.nonhostreads.2.fq.gz
T2_7500.sam
Copying across paired host reads and renaming
Aligning reads from sample T2_7500 to ptabu index + other non target genomes and retaining the reads that don't match to the non host index (i.e. putative microbial reads)
11096432 reads; of these:
  11096432 (100.00%) were paired; of these:
    10699773 (96.43%) aligned concordantly 0 times
    369818 (3.33%) aligned concordantly exactly 1 time
    26841 (0.24%) aligned concordantly >1 times
    ----
    10699773 pairs aligned concordantly 0 times; of these:
      35417 (0.33%) aligned discordantly 1 time
    ----
    10664356 pairs aligned 0 times concordantly or discordantly; of these:
      21328712 mates make up the pairs; of these:
        19885503 (93.23%) aligned 0 times
        1215374 (5.70%) aligned exactly 1 time
        227835 (1.07%) aligned >1 times
10.40% overall alignment rate
Finished extracting putative microbial reads for sample T2_7500
