Aligning reads from sample T2_7590 to ptabu index
Aligning reads to target genomes and retaining both mathcing and non-matching reads
56404503 reads; of these:
  56404503 (100.00%) were paired; of these:
    11950566 (21.19%) aligned concordantly 0 times
    22781387 (40.39%) aligned concordantly exactly 1 time
    21672550 (38.42%) aligned concordantly >1 times
    ----
    11950566 pairs aligned concordantly 0 times; of these:
      317853 (2.66%) aligned discordantly 1 time
    ----
    11632713 pairs aligned 0 times concordantly or discordantly; of these:
      23265426 mates make up the pairs; of these:
        12624527 (54.26%) aligned 0 times
        6475763 (27.83%) aligned exactly 1 time
        4165136 (17.90%) aligned >1 times
88.81% overall alignment rate
Finished aligning paired reads for T2_7590
Reads in TMPDIR:
T2_7590.hostreads.1.fq.gz
T2_7590.hostreads.2.fq.gz
T2_7590.nonhostreads.1.fq.gz
T2_7590.nonhostreads.2.fq.gz
T2_7590.sam
Copying across paired host reads and renaming
Aligning reads from sample T2_7590 to ptabu index + other non target genomes and retaining the reads that don't match to the non host index (i.e. putative microbial reads)
11950566 reads; of these:
  11950566 (100.00%) were paired; of these:
    11565736 (96.78%) aligned concordantly 0 times
    361993 (3.03%) aligned concordantly exactly 1 time
    22837 (0.19%) aligned concordantly >1 times
    ----
    11565736 pairs aligned concordantly 0 times; of these:
      44982 (0.39%) aligned discordantly 1 time
    ----
    11520754 pairs aligned 0 times concordantly or discordantly; of these:
      23041508 mates make up the pairs; of these:
        21319689 (92.53%) aligned 0 times
        1515634 (6.58%) aligned exactly 1 time
        206185 (0.89%) aligned >1 times
10.80% overall alignment rate
Finished extracting putative microbial reads for sample T2_7590
