Aligning reads from sample T3_7671 to ptabu index
Aligning reads to target genomes and retaining both mathcing and non-matching reads
59542561 reads; of these:
  59542561 (100.00%) were paired; of these:
    13894877 (23.34%) aligned concordantly 0 times
    25133227 (42.21%) aligned concordantly exactly 1 time
    20514457 (34.45%) aligned concordantly >1 times
    ----
    13894877 pairs aligned concordantly 0 times; of these:
      318828 (2.29%) aligned discordantly 1 time
    ----
    13576049 pairs aligned 0 times concordantly or discordantly; of these:
      27152098 mates make up the pairs; of these:
        15758362 (58.04%) aligned 0 times
        7106018 (26.17%) aligned exactly 1 time
        4287718 (15.79%) aligned >1 times
86.77% overall alignment rate
Finished aligning paired reads for T3_7671
Reads in TMPDIR:
T3_7671.hostreads.1.fq.gz
T3_7671.hostreads.2.fq.gz
T3_7671.nonhostreads.1.fq.gz
T3_7671.nonhostreads.2.fq.gz
T3_7671.sam
Copying across paired host reads and renaming
Aligning reads from sample T3_7671 to ptabu index + other non target genomes and retaining the reads that don't match to the non host index (i.e. putative microbial reads)
13894877 reads; of these:
  13894877 (100.00%) were paired; of these:
    13466657 (96.92%) aligned concordantly 0 times
    405494 (2.92%) aligned concordantly exactly 1 time
    22726 (0.16%) aligned concordantly >1 times
    ----
    13466657 pairs aligned concordantly 0 times; of these:
      41132 (0.31%) aligned discordantly 1 time
    ----
    13425525 pairs aligned 0 times concordantly or discordantly; of these:
      26851050 mates make up the pairs; of these:
        25201601 (93.86%) aligned 0 times
        1445461 (5.38%) aligned exactly 1 time
        203988 (0.76%) aligned >1 times
9.31% overall alignment rate
Finished extracting putative microbial reads for sample T3_7671
