Aligning reads from sample T2_7411 to ptabu index
Aligning reads to target genomes and retaining both mathcing and non-matching reads
55532172 reads; of these:
  55532172 (100.00%) were paired; of these:
    13325177 (24.00%) aligned concordantly 0 times
    21993903 (39.61%) aligned concordantly exactly 1 time
    20213092 (36.40%) aligned concordantly >1 times
    ----
    13325177 pairs aligned concordantly 0 times; of these:
      292251 (2.19%) aligned discordantly 1 time
    ----
    13032926 pairs aligned 0 times concordantly or discordantly; of these:
      26065852 mates make up the pairs; of these:
        16595097 (63.67%) aligned 0 times
        6088621 (23.36%) aligned exactly 1 time
        3382134 (12.98%) aligned >1 times
85.06% overall alignment rate
Finished aligning paired reads for T2_7411
Reads in TMPDIR:
T2_7411.hostreads.1.fq.gz
T2_7411.hostreads.2.fq.gz
T2_7411.nonhostreads.1.fq.gz
T2_7411.nonhostreads.2.fq.gz
T2_7411.sam
Copying across paired host reads and renaming
Aligning reads from sample T2_7411 to ptabu index + other non target genomes and retaining the reads that don't match to the non host index (i.e. putative microbial reads)
13325177 reads; of these:
  13325177 (100.00%) were paired; of these:
    12912263 (96.90%) aligned concordantly 0 times
    388248 (2.91%) aligned concordantly exactly 1 time
    24666 (0.19%) aligned concordantly >1 times
    ----
    12912263 pairs aligned concordantly 0 times; of these:
      31715 (0.25%) aligned discordantly 1 time
    ----
    12880548 pairs aligned 0 times concordantly or discordantly; of these:
      25761096 mates make up the pairs; of these:
        24394266 (94.69%) aligned 0 times
        1152553 (4.47%) aligned exactly 1 time
        214277 (0.83%) aligned >1 times
8.47% overall alignment rate
Finished extracting putative microbial reads for sample T2_7411
