Aligning reads from sample T3_7574 to ptabu index
Aligning reads to target genomes and retaining both mathcing and non-matching reads
54385891 reads; of these:
  54385891 (100.00%) were paired; of these:
    11052054 (20.32%) aligned concordantly 0 times
    23048274 (42.38%) aligned concordantly exactly 1 time
    20285563 (37.30%) aligned concordantly >1 times
    ----
    11052054 pairs aligned concordantly 0 times; of these:
      259427 (2.35%) aligned discordantly 1 time
    ----
    10792627 pairs aligned 0 times concordantly or discordantly; of these:
      21585254 mates make up the pairs; of these:
        12545617 (58.12%) aligned 0 times
        5745237 (26.62%) aligned exactly 1 time
        3294400 (15.26%) aligned >1 times
88.47% overall alignment rate
Finished aligning paired reads for T3_7574
Reads in TMPDIR:
T3_7574.hostreads.1.fq.gz
T3_7574.hostreads.2.fq.gz
T3_7574.nonhostreads.1.fq.gz
T3_7574.nonhostreads.2.fq.gz
T3_7574.sam
Copying across paired host reads and renaming
Aligning reads from sample T3_7574 to ptabu index + other non target genomes and retaining the reads that don't match to the non host index (i.e. putative microbial reads)
11052054 reads; of these:
  11052054 (100.00%) were paired; of these:
    10680783 (96.64%) aligned concordantly 0 times
    354213 (3.20%) aligned concordantly exactly 1 time
    17058 (0.15%) aligned concordantly >1 times
    ----
    10680783 pairs aligned concordantly 0 times; of these:
      31264 (0.29%) aligned discordantly 1 time
    ----
    10649519 pairs aligned 0 times concordantly or discordantly; of these:
      21299038 mates make up the pairs; of these:
        20027365 (94.03%) aligned 0 times
        1131593 (5.31%) aligned exactly 1 time
        140080 (0.66%) aligned >1 times
9.40% overall alignment rate
Finished extracting putative microbial reads for sample T3_7574
