Aligning reads from sample T3_7600 to ptabu index
Aligning reads to target genomes and retaining both mathcing and non-matching reads
51272840 reads; of these:
  51272840 (100.00%) were paired; of these:
    9546601 (18.62%) aligned concordantly 0 times
    21854165 (42.62%) aligned concordantly exactly 1 time
    19872074 (38.76%) aligned concordantly >1 times
    ----
    9546601 pairs aligned concordantly 0 times; of these:
      246477 (2.58%) aligned discordantly 1 time
    ----
    9300124 pairs aligned 0 times concordantly or discordantly; of these:
      18600248 mates make up the pairs; of these:
        10525596 (56.59%) aligned 0 times
        5208303 (28.00%) aligned exactly 1 time
        2866349 (15.41%) aligned >1 times
89.74% overall alignment rate
Finished aligning paired reads for T3_7600
Reads in TMPDIR:
T3_7600.hostreads.1.fq.gz
T3_7600.hostreads.2.fq.gz
T3_7600.nonhostreads.1.fq.gz
T3_7600.nonhostreads.2.fq.gz
T3_7600.sam
Copying across paired host reads and renaming
Aligning reads from sample T3_7600 to ptabu index + other non target genomes and retaining the reads that don't match to the non host index (i.e. putative microbial reads)
9546601 reads; of these:
  9546601 (100.00%) were paired; of these:
    9225165 (96.63%) aligned concordantly 0 times
    307697 (3.22%) aligned concordantly exactly 1 time
    13739 (0.14%) aligned concordantly >1 times
    ----
    9225165 pairs aligned concordantly 0 times; of these:
      26834 (0.29%) aligned discordantly 1 time
    ----
    9198331 pairs aligned 0 times concordantly or discordantly; of these:
      18396662 mates make up the pairs; of these:
        17283927 (93.95%) aligned 0 times
        1000766 (5.44%) aligned exactly 1 time
        111969 (0.61%) aligned >1 times
9.48% overall alignment rate
Finished extracting putative microbial reads for sample T3_7600
