Aligning reads from sample T3_7480 to ptabu index
Aligning reads to target genomes and retaining both mathcing and non-matching reads
48190438 reads; of these:
  48190438 (100.00%) were paired; of these:
    8741085 (18.14%) aligned concordantly 0 times
    18716381 (38.84%) aligned concordantly exactly 1 time
    20732972 (43.02%) aligned concordantly >1 times
    ----
    8741085 pairs aligned concordantly 0 times; of these:
      213997 (2.45%) aligned discordantly 1 time
    ----
    8527088 pairs aligned 0 times concordantly or discordantly; of these:
      17054176 mates make up the pairs; of these:
        9522327 (55.84%) aligned 0 times
        4547490 (26.66%) aligned exactly 1 time
        2984359 (17.50%) aligned >1 times
90.12% overall alignment rate
Finished aligning paired reads for T3_7480
Reads in TMPDIR:
T3_7480.hostreads.1.fq.gz
T3_7480.hostreads.2.fq.gz
T3_7480.nonhostreads.1.fq.gz
T3_7480.nonhostreads.2.fq.gz
T3_7480.sam
Copying across paired host reads and renaming
Aligning reads from sample T3_7480 to ptabu index + other non target genomes and retaining the reads that don't match to the non host index (i.e. putative microbial reads)
8741085 reads; of these:
  8741085 (100.00%) were paired; of these:
    8451911 (96.69%) aligned concordantly 0 times
    281103 (3.22%) aligned concordantly exactly 1 time
    8071 (0.09%) aligned concordantly >1 times
    ----
    8451911 pairs aligned concordantly 0 times; of these:
      29343 (0.35%) aligned discordantly 1 time
    ----
    8422568 pairs aligned 0 times concordantly or discordantly; of these:
      16845136 mates make up the pairs; of these:
        15737925 (93.43%) aligned 0 times
        1037631 (6.16%) aligned exactly 1 time
        69580 (0.41%) aligned >1 times
9.98% overall alignment rate
Finished extracting putative microbial reads for sample T3_7480
