Aligning reads from sample T2_7208 to ptabu index
Aligning reads to target genomes and retaining both mathcing and non-matching reads
50743221 reads; of these:
  50743221 (100.00%) were paired; of these:
    9707662 (19.13%) aligned concordantly 0 times
    20791694 (40.97%) aligned concordantly exactly 1 time
    20243865 (39.89%) aligned concordantly >1 times
    ----
    9707662 pairs aligned concordantly 0 times; of these:
      234524 (2.42%) aligned discordantly 1 time
    ----
    9473138 pairs aligned 0 times concordantly or discordantly; of these:
      18946276 mates make up the pairs; of these:
        10886237 (57.46%) aligned 0 times
        5035693 (26.58%) aligned exactly 1 time
        3024346 (15.96%) aligned >1 times
89.27% overall alignment rate
Finished aligning paired reads for T2_7208
Reads in TMPDIR:
T2_7208.hostreads.1.fq.gz
T2_7208.hostreads.2.fq.gz
T2_7208.nonhostreads.1.fq.gz
T2_7208.nonhostreads.2.fq.gz
T2_7208.sam
Copying across paired host reads and renaming
Aligning reads from sample T2_7208 to ptabu index + other non target genomes and retaining the reads that don't match to the non host index (i.e. putative microbial reads)
9707662 reads; of these:
  9707662 (100.00%) were paired; of these:
    9345529 (96.27%) aligned concordantly 0 times
    341059 (3.51%) aligned concordantly exactly 1 time
    21074 (0.22%) aligned concordantly >1 times
    ----
    9345529 pairs aligned concordantly 0 times; of these:
      31397 (0.34%) aligned discordantly 1 time
    ----
    9314132 pairs aligned 0 times concordantly or discordantly; of these:
      18628264 mates make up the pairs; of these:
        17422928 (93.53%) aligned 0 times
        1052642 (5.65%) aligned exactly 1 time
        152694 (0.82%) aligned >1 times
10.26% overall alignment rate
Finished extracting putative microbial reads for sample T2_7208
