Aligning reads from sample T2_7055 to ptabu index
Aligning reads to target genomes and retaining both mathcing and non-matching reads
49285280 reads; of these:
  49285280 (100.00%) were paired; of these:
    8250024 (16.74%) aligned concordantly 0 times
    19719076 (40.01%) aligned concordantly exactly 1 time
    21316180 (43.25%) aligned concordantly >1 times
    ----
    8250024 pairs aligned concordantly 0 times; of these:
      240488 (2.91%) aligned discordantly 1 time
    ----
    8009536 pairs aligned 0 times concordantly or discordantly; of these:
      16019072 mates make up the pairs; of these:
        8687869 (54.23%) aligned 0 times
        4492072 (28.04%) aligned exactly 1 time
        2839131 (17.72%) aligned >1 times
91.19% overall alignment rate
Finished aligning paired reads for T2_7055
Reads in TMPDIR:
T2_7055.hostreads.1.fq.gz
T2_7055.hostreads.2.fq.gz
T2_7055.nonhostreads.1.fq.gz
T2_7055.nonhostreads.2.fq.gz
T2_7055.sam
Copying across paired host reads and renaming
Aligning reads from sample T2_7055 to ptabu index + other non target genomes and retaining the reads that don't match to the non host index (i.e. putative microbial reads)
8250024 reads; of these:
  8250024 (100.00%) were paired; of these:
    7921544 (96.02%) aligned concordantly 0 times
    317037 (3.84%) aligned concordantly exactly 1 time
    11443 (0.14%) aligned concordantly >1 times
    ----
    7921544 pairs aligned concordantly 0 times; of these:
      27826 (0.35%) aligned discordantly 1 time
    ----
    7893718 pairs aligned 0 times concordantly or discordantly; of these:
      15787436 mates make up the pairs; of these:
        14726158 (93.28%) aligned 0 times
        961097 (6.09%) aligned exactly 1 time
        100181 (0.63%) aligned >1 times
10.75% overall alignment rate
Finished extracting putative microbial reads for sample T2_7055
