Aligning reads from sample T2_7211 to ptabu index
Aligning reads to target genomes and retaining both mathcing and non-matching reads
52985947 reads; of these:
  52985947 (100.00%) were paired; of these:
    10346067 (19.53%) aligned concordantly 0 times
    22220425 (41.94%) aligned concordantly exactly 1 time
    20419455 (38.54%) aligned concordantly >1 times
    ----
    10346067 pairs aligned concordantly 0 times; of these:
      260875 (2.52%) aligned discordantly 1 time
    ----
    10085192 pairs aligned 0 times concordantly or discordantly; of these:
      20170384 mates make up the pairs; of these:
        11753514 (58.27%) aligned 0 times
        5291045 (26.23%) aligned exactly 1 time
        3125825 (15.50%) aligned >1 times
88.91% overall alignment rate
Finished aligning paired reads for T2_7211
Reads in TMPDIR:
T2_7211.hostreads.1.fq.gz
T2_7211.hostreads.2.fq.gz
T2_7211.nonhostreads.1.fq.gz
T2_7211.nonhostreads.2.fq.gz
T2_7211.sam
Copying across paired host reads and renaming
Aligning reads from sample T2_7211 to ptabu index + other non target genomes and retaining the reads that don't match to the non host index (i.e. putative microbial reads)
10346067 reads; of these:
  10346067 (100.00%) were paired; of these:
    9970471 (96.37%) aligned concordantly 0 times
    357693 (3.46%) aligned concordantly exactly 1 time
    17903 (0.17%) aligned concordantly >1 times
    ----
    9970471 pairs aligned concordantly 0 times; of these:
      28994 (0.29%) aligned discordantly 1 time
    ----
    9941477 pairs aligned 0 times concordantly or discordantly; of these:
      19882954 mates make up the pairs; of these:
        18700163 (94.05%) aligned 0 times
        1049814 (5.28%) aligned exactly 1 time
        132977 (0.67%) aligned >1 times
9.63% overall alignment rate
Finished extracting putative microbial reads for sample T2_7211
