Aligning reads from sample T3_7211 to ptabu index
Aligning reads to target genomes and retaining both mathcing and non-matching reads
54232842 reads; of these:
  54232842 (100.00%) were paired; of these:
    11290858 (20.82%) aligned concordantly 0 times
    22775079 (41.99%) aligned concordantly exactly 1 time
    20166905 (37.19%) aligned concordantly >1 times
    ----
    11290858 pairs aligned concordantly 0 times; of these:
      272558 (2.41%) aligned discordantly 1 time
    ----
    11018300 pairs aligned 0 times concordantly or discordantly; of these:
      22036600 mates make up the pairs; of these:
        13331013 (60.49%) aligned 0 times
        5414597 (24.57%) aligned exactly 1 time
        3290990 (14.93%) aligned >1 times
87.71% overall alignment rate
Finished aligning paired reads for T3_7211
Reads in TMPDIR:
T3_7211.hostreads.1.fq.gz
T3_7211.hostreads.2.fq.gz
T3_7211.nonhostreads.1.fq.gz
T3_7211.nonhostreads.2.fq.gz
T3_7211.sam
Copying across paired host reads and renaming
Aligning reads from sample T3_7211 to ptabu index + other non target genomes and retaining the reads that don't match to the non host index (i.e. putative microbial reads)
11290858 reads; of these:
  11290858 (100.00%) were paired; of these:
    10949456 (96.98%) aligned concordantly 0 times
    326387 (2.89%) aligned concordantly exactly 1 time
    15015 (0.13%) aligned concordantly >1 times
    ----
    10949456 pairs aligned concordantly 0 times; of these:
      27506 (0.25%) aligned discordantly 1 time
    ----
    10921950 pairs aligned 0 times concordantly or discordantly; of these:
      21843900 mates make up the pairs; of these:
        20724222 (94.87%) aligned 0 times
        1004672 (4.60%) aligned exactly 1 time
        115006 (0.53%) aligned >1 times
8.23% overall alignment rate
Finished extracting putative microbial reads for sample T3_7211
