Aligning reads from sample T2_7148 to ptabu index
Aligning reads to target genomes and retaining both mathcing and non-matching reads
57694007 reads; of these:
  57694007 (100.00%) were paired; of these:
    12963790 (22.47%) aligned concordantly 0 times
    24532784 (42.52%) aligned concordantly exactly 1 time
    20197433 (35.01%) aligned concordantly >1 times
    ----
    12963790 pairs aligned concordantly 0 times; of these:
      295196 (2.28%) aligned discordantly 1 time
    ----
    12668594 pairs aligned 0 times concordantly or discordantly; of these:
      25337188 mates make up the pairs; of these:
        15793648 (62.33%) aligned 0 times
        6199651 (24.47%) aligned exactly 1 time
        3343889 (13.20%) aligned >1 times
86.31% overall alignment rate
Finished aligning paired reads for T2_7148
Reads in TMPDIR:
T2_7148.hostreads.1.fq.gz
T2_7148.hostreads.2.fq.gz
T2_7148.nonhostreads.1.fq.gz
T2_7148.nonhostreads.2.fq.gz
T2_7148.sam
Copying across paired host reads and renaming
Aligning reads from sample T2_7148 to ptabu index + other non target genomes and retaining the reads that don't match to the non host index (i.e. putative microbial reads)
12963790 reads; of these:
  12963790 (100.00%) were paired; of these:
    12542675 (96.75%) aligned concordantly 0 times
    391716 (3.02%) aligned concordantly exactly 1 time
    29399 (0.23%) aligned concordantly >1 times
    ----
    12542675 pairs aligned concordantly 0 times; of these:
      32886 (0.26%) aligned discordantly 1 time
    ----
    12509789 pairs aligned 0 times concordantly or discordantly; of these:
      25019578 mates make up the pairs; of these:
        23648761 (94.52%) aligned 0 times
        1149313 (4.59%) aligned exactly 1 time
        221504 (0.89%) aligned >1 times
8.79% overall alignment rate
Finished extracting putative microbial reads for sample T2_7148
