Aligning reads from sample T3_7411 to ptabu index
Aligning reads to target genomes and retaining both mathcing and non-matching reads
52503158 reads; of these:
  52503158 (100.00%) were paired; of these:
    10862893 (20.69%) aligned concordantly 0 times
    20736489 (39.50%) aligned concordantly exactly 1 time
    20903776 (39.81%) aligned concordantly >1 times
    ----
    10862893 pairs aligned concordantly 0 times; of these:
      249889 (2.30%) aligned discordantly 1 time
    ----
    10613004 pairs aligned 0 times concordantly or discordantly; of these:
      21226008 mates make up the pairs; of these:
        11844888 (55.80%) aligned 0 times
        5665821 (26.69%) aligned exactly 1 time
        3715299 (17.50%) aligned >1 times
88.72% overall alignment rate
Finished aligning paired reads for T3_7411
Reads in TMPDIR:
T3_7411.hostreads.1.fq.gz
T3_7411.hostreads.2.fq.gz
T3_7411.nonhostreads.1.fq.gz
T3_7411.nonhostreads.2.fq.gz
T3_7411.sam
Copying across paired host reads and renaming
Aligning reads from sample T3_7411 to ptabu index + other non target genomes and retaining the reads that don't match to the non host index (i.e. putative microbial reads)
10862893 reads; of these:
  10862893 (100.00%) were paired; of these:
    10479535 (96.47%) aligned concordantly 0 times
    368029 (3.39%) aligned concordantly exactly 1 time
    15329 (0.14%) aligned concordantly >1 times
    ----
    10479535 pairs aligned concordantly 0 times; of these:
      36997 (0.35%) aligned discordantly 1 time
    ----
    10442538 pairs aligned 0 times concordantly or discordantly; of these:
      20885076 mates make up the pairs; of these:
        19409400 (92.93%) aligned 0 times
        1324377 (6.34%) aligned exactly 1 time
        151299 (0.72%) aligned >1 times
10.66% overall alignment rate
Finished extracting putative microbial reads for sample T3_7411
