Aligning reads from sample T3_7652 to ptabu index
Aligning reads to target genomes and retaining both mathcing and non-matching reads
55933454 reads; of these:
  55933454 (100.00%) were paired; of these:
    11303733 (20.21%) aligned concordantly 0 times
    23797607 (42.55%) aligned concordantly exactly 1 time
    20832114 (37.24%) aligned concordantly >1 times
    ----
    11303733 pairs aligned concordantly 0 times; of these:
      235351 (2.08%) aligned discordantly 1 time
    ----
    11068382 pairs aligned 0 times concordantly or discordantly; of these:
      22136764 mates make up the pairs; of these:
        13433752 (60.69%) aligned 0 times
        5608361 (25.34%) aligned exactly 1 time
        3094651 (13.98%) aligned >1 times
87.99% overall alignment rate
Finished aligning paired reads for T3_7652
Reads in TMPDIR:
T3_7652.hostreads.1.fq.gz
T3_7652.hostreads.2.fq.gz
T3_7652.nonhostreads.1.fq.gz
T3_7652.nonhostreads.2.fq.gz
T3_7652.sam
Copying across paired host reads and renaming
Aligning reads from sample T3_7652 to ptabu index + other non target genomes and retaining the reads that don't match to the non host index (i.e. putative microbial reads)
11303733 reads; of these:
  11303733 (100.00%) were paired; of these:
    10943723 (96.82%) aligned concordantly 0 times
    339688 (3.01%) aligned concordantly exactly 1 time
    20322 (0.18%) aligned concordantly >1 times
    ----
    10943723 pairs aligned concordantly 0 times; of these:
      26728 (0.24%) aligned discordantly 1 time
    ----
    10916995 pairs aligned 0 times concordantly or discordantly; of these:
      21833990 mates make up the pairs; of these:
        20631589 (94.49%) aligned 0 times
        1069524 (4.90%) aligned exactly 1 time
        132877 (0.61%) aligned >1 times
8.74% overall alignment rate
Finished extracting putative microbial reads for sample T3_7652
