Aligning reads from sample T2_7025 to ptabu index
Aligning reads to target genomes and retaining both mathcing and non-matching reads
45589209 reads; of these:
  45589209 (100.00%) were paired; of these:
    8327441 (18.27%) aligned concordantly 0 times
    16983093 (37.25%) aligned concordantly exactly 1 time
    20278675 (44.48%) aligned concordantly >1 times
    ----
    8327441 pairs aligned concordantly 0 times; of these:
      194371 (2.33%) aligned discordantly 1 time
    ----
    8133070 pairs aligned 0 times concordantly or discordantly; of these:
      16266140 mates make up the pairs; of these:
        9031135 (55.52%) aligned 0 times
        4262542 (26.21%) aligned exactly 1 time
        2972463 (18.27%) aligned >1 times
90.10% overall alignment rate
Finished aligning paired reads for T2_7025
Reads in TMPDIR:
T2_7025.hostreads.1.fq.gz
T2_7025.hostreads.2.fq.gz
T2_7025.nonhostreads.1.fq.gz
T2_7025.nonhostreads.2.fq.gz
T2_7025.sam
Copying across paired host reads and renaming
Aligning reads from sample T2_7025 to ptabu index + other non target genomes and retaining the reads that don't match to the non host index (i.e. putative microbial reads)
8327441 reads; of these:
  8327441 (100.00%) were paired; of these:
    7974325 (95.76%) aligned concordantly 0 times
    335669 (4.03%) aligned concordantly exactly 1 time
    17447 (0.21%) aligned concordantly >1 times
    ----
    7974325 pairs aligned concordantly 0 times; of these:
      31320 (0.39%) aligned discordantly 1 time
    ----
    7943005 pairs aligned 0 times concordantly or discordantly; of these:
      15886010 mates make up the pairs; of these:
        14738627 (92.78%) aligned 0 times
        998878 (6.29%) aligned exactly 1 time
        148505 (0.93%) aligned >1 times
11.51% overall alignment rate
Finished extracting putative microbial reads for sample T2_7025
