Aligning reads from sample T3_7294 to ptabu index
Aligning reads to target genomes and retaining both mathcing and non-matching reads
54718696 reads; of these:
  54718696 (100.00%) were paired; of these:
    11533160 (21.08%) aligned concordantly 0 times
    21460345 (39.22%) aligned concordantly exactly 1 time
    21725191 (39.70%) aligned concordantly >1 times
    ----
    11533160 pairs aligned concordantly 0 times; of these:
      247012 (2.14%) aligned discordantly 1 time
    ----
    11286148 pairs aligned 0 times concordantly or discordantly; of these:
      22572296 mates make up the pairs; of these:
        12948676 (57.37%) aligned 0 times
        5712129 (25.31%) aligned exactly 1 time
        3911491 (17.33%) aligned >1 times
88.17% overall alignment rate
Finished aligning paired reads for T3_7294
Reads in TMPDIR:
T3_7294.hostreads.1.fq.gz
T3_7294.hostreads.2.fq.gz
T3_7294.nonhostreads.1.fq.gz
T3_7294.nonhostreads.2.fq.gz
T3_7294.sam
Copying across paired host reads and renaming
Aligning reads from sample T3_7294 to ptabu index + other non target genomes and retaining the reads that don't match to the non host index (i.e. putative microbial reads)
11533160 reads; of these:
  11533160 (100.00%) were paired; of these:
    11138257 (96.58%) aligned concordantly 0 times
    381377 (3.31%) aligned concordantly exactly 1 time
    13526 (0.12%) aligned concordantly >1 times
    ----
    11138257 pairs aligned concordantly 0 times; of these:
      34522 (0.31%) aligned discordantly 1 time
    ----
    11103735 pairs aligned 0 times concordantly or discordantly; of these:
      22207470 mates make up the pairs; of these:
        20814822 (93.73%) aligned 0 times
        1265588 (5.70%) aligned exactly 1 time
        127060 (0.57%) aligned >1 times
9.76% overall alignment rate
Finished extracting putative microbial reads for sample T3_7294
