Aligning reads from sample T3_7590 to ptabu index
Aligning reads to target genomes and retaining both mathcing and non-matching reads
53694525 reads; of these:
  53694525 (100.00%) were paired; of these:
    10070002 (18.75%) aligned concordantly 0 times
    23146385 (43.11%) aligned concordantly exactly 1 time
    20478138 (38.14%) aligned concordantly >1 times
    ----
    10070002 pairs aligned concordantly 0 times; of these:
      254469 (2.53%) aligned discordantly 1 time
    ----
    9815533 pairs aligned 0 times concordantly or discordantly; of these:
      19631066 mates make up the pairs; of these:
        11220982 (57.16%) aligned 0 times
        5351806 (27.26%) aligned exactly 1 time
        3058278 (15.58%) aligned >1 times
89.55% overall alignment rate
Finished aligning paired reads for T3_7590
Reads in TMPDIR:
T3_7590.hostreads.1.fq.gz
T3_7590.hostreads.2.fq.gz
T3_7590.nonhostreads.1.fq.gz
T3_7590.nonhostreads.2.fq.gz
T3_7590.sam
Copying across paired host reads and renaming
Aligning reads from sample T3_7590 to ptabu index + other non target genomes and retaining the reads that don't match to the non host index (i.e. putative microbial reads)
10070002 reads; of these:
  10070002 (100.00%) were paired; of these:
    9735494 (96.68%) aligned concordantly 0 times
    324136 (3.22%) aligned concordantly exactly 1 time
    10372 (0.10%) aligned concordantly >1 times
    ----
    9735494 pairs aligned concordantly 0 times; of these:
      24695 (0.25%) aligned discordantly 1 time
    ----
    9710799 pairs aligned 0 times concordantly or discordantly; of these:
      19421598 mates make up the pairs; of these:
        18372274 (94.60%) aligned 0 times
        969558 (4.99%) aligned exactly 1 time
        79766 (0.41%) aligned >1 times
8.78% overall alignment rate
Finished extracting putative microbial reads for sample T3_7590
