Aligning reads from sample T2_7507 to ptabu index
Aligning reads to target genomes and retaining both mathcing and non-matching reads
45552987 reads; of these:
  45552987 (100.00%) were paired; of these:
    8964399 (19.68%) aligned concordantly 0 times
    18943421 (41.59%) aligned concordantly exactly 1 time
    17645167 (38.74%) aligned concordantly >1 times
    ----
    8964399 pairs aligned concordantly 0 times; of these:
      235953 (2.63%) aligned discordantly 1 time
    ----
    8728446 pairs aligned 0 times concordantly or discordantly; of these:
      17456892 mates make up the pairs; of these:
        9880858 (56.60%) aligned 0 times
        4830330 (27.67%) aligned exactly 1 time
        2745704 (15.73%) aligned >1 times
89.15% overall alignment rate
Finished aligning paired reads for T2_7507
Reads in TMPDIR:
T2_7507.hostreads.1.fq.gz
T2_7507.hostreads.2.fq.gz
T2_7507.nonhostreads.1.fq.gz
T2_7507.nonhostreads.2.fq.gz
T2_7507.sam
Copying across paired host reads and renaming
Aligning reads from sample T2_7507 to ptabu index + other non target genomes and retaining the reads that don't match to the non host index (i.e. putative microbial reads)
8964399 reads; of these:
  8964399 (100.00%) were paired; of these:
    8647867 (96.47%) aligned concordantly 0 times
    300752 (3.35%) aligned concordantly exactly 1 time
    15780 (0.18%) aligned concordantly >1 times
    ----
    8647867 pairs aligned concordantly 0 times; of these:
      26127 (0.30%) aligned discordantly 1 time
    ----
    8621740 pairs aligned 0 times concordantly or discordantly; of these:
      17243480 mates make up the pairs; of these:
        16166395 (93.75%) aligned 0 times
        951764 (5.52%) aligned exactly 1 time
        125321 (0.73%) aligned >1 times
9.83% overall alignment rate
Finished extracting putative microbial reads for sample T2_7507
