Aligning reads from sample T3_7555 to ptabu index
Aligning reads to target genomes and retaining both mathcing and non-matching reads
53522705 reads; of these:
  53522705 (100.00%) were paired; of these:
    9506261 (17.76%) aligned concordantly 0 times
    21305197 (39.81%) aligned concordantly exactly 1 time
    22711247 (42.43%) aligned concordantly >1 times
    ----
    9506261 pairs aligned concordantly 0 times; of these:
      229052 (2.41%) aligned discordantly 1 time
    ----
    9277209 pairs aligned 0 times concordantly or discordantly; of these:
      18554418 mates make up the pairs; of these:
        10163292 (54.78%) aligned 0 times
        5073337 (27.34%) aligned exactly 1 time
        3317789 (17.88%) aligned >1 times
90.51% overall alignment rate
Finished aligning paired reads for T3_7555
Reads in TMPDIR:
T3_7555.hostreads.1.fq.gz
T3_7555.hostreads.2.fq.gz
T3_7555.nonhostreads.1.fq.gz
T3_7555.nonhostreads.2.fq.gz
T3_7555.sam
Copying across paired host reads and renaming
Aligning reads from sample T3_7555 to ptabu index + other non target genomes and retaining the reads that don't match to the non host index (i.e. putative microbial reads)
9506261 reads; of these:
  9506261 (100.00%) were paired; of these:
    9145311 (96.20%) aligned concordantly 0 times
    348176 (3.66%) aligned concordantly exactly 1 time
    12774 (0.13%) aligned concordantly >1 times
    ----
    9145311 pairs aligned concordantly 0 times; of these:
      29043 (0.32%) aligned discordantly 1 time
    ----
    9116268 pairs aligned 0 times concordantly or discordantly; of these:
      18232536 mates make up the pairs; of these:
        17050934 (93.52%) aligned 0 times
        1082136 (5.94%) aligned exactly 1 time
        99466 (0.55%) aligned >1 times
10.32% overall alignment rate
Finished extracting putative microbial reads for sample T3_7555
