Aligning reads from sample T2_7510 to ptabu index
Aligning reads to target genomes and retaining both mathcing and non-matching reads
51706250 reads; of these:
  51706250 (100.00%) were paired; of these:
    9972763 (19.29%) aligned concordantly 0 times
    22200249 (42.94%) aligned concordantly exactly 1 time
    19533238 (37.78%) aligned concordantly >1 times
    ----
    9972763 pairs aligned concordantly 0 times; of these:
      265878 (2.67%) aligned discordantly 1 time
    ----
    9706885 pairs aligned 0 times concordantly or discordantly; of these:
      19413770 mates make up the pairs; of these:
        10821177 (55.74%) aligned 0 times
        5440205 (28.02%) aligned exactly 1 time
        3152388 (16.24%) aligned >1 times
89.54% overall alignment rate
Finished aligning paired reads for T2_7510
Reads in TMPDIR:
T2_7510.hostreads.1.fq.gz
T2_7510.hostreads.2.fq.gz
T2_7510.nonhostreads.1.fq.gz
T2_7510.nonhostreads.2.fq.gz
T2_7510.sam
Copying across paired host reads and renaming
Aligning reads from sample T2_7510 to ptabu index + other non target genomes and retaining the reads that don't match to the non host index (i.e. putative microbial reads)
9972763 reads; of these:
  9972763 (100.00%) were paired; of these:
    9623659 (96.50%) aligned concordantly 0 times
    331324 (3.32%) aligned concordantly exactly 1 time
    17780 (0.18%) aligned concordantly >1 times
    ----
    9623659 pairs aligned concordantly 0 times; of these:
      30602 (0.32%) aligned discordantly 1 time
    ----
    9593057 pairs aligned 0 times concordantly or discordantly; of these:
      19186114 mates make up the pairs; of these:
        17961610 (93.62%) aligned 0 times
        1079155 (5.62%) aligned exactly 1 time
        145349 (0.76%) aligned >1 times
9.95% overall alignment rate
Finished extracting putative microbial reads for sample T2_7510
