Read1 before filtering:
total reads: 57045972
total bases: 8556895800
Q20 bases: 8420668340(98.408%)
Q30 bases: 8149550842(95.2396%)

Read2 before filtering:
total reads: 57045972
total bases: 8556895800
Q20 bases: 8373558761(97.8574%)
Q30 bases: 8062592278(94.2233%)

Read1 after filtering:
total reads: 56459957
total bases: 8421119736
Q20 bases: 8308135282(98.6583%)
Q30 bases: 8057016902(95.6763%)

Read2 after filtering:
total reads: 56459957
total bases: 8421016016
Q20 bases: 8284192846(98.3752%)
Q30 bases: 8006718106(95.0802%)

Filtering result:
reads passed filter: 112919914
reads failed due to low quality: 923056
reads failed due to too many N: 54422
reads failed due to too short: 194552
reads with adapter trimmed: 2541490
bases trimmed due to adapters: 99576052
reads with polyX in 3' end: 358609
bases trimmed in polyX tail: 16534889

Duplication rate: 37.6395%

Insert size peak (evaluated by paired-end reads): 269

JSON report: /mnt/shared/scratch/bmoore/RNAseq_preparation/logs/fastp/T2_7500_fastp_report.json
HTML report: /mnt/shared/scratch/bmoore/RNAseq_preparation/logs/fastp/T2_7500_fastp_report.html

fastp -i /mnt/shared/scratch/bmoore/RNAseq_preparation/data/raw/T2_7500_R1.fq.gz -I /mnt/shared/scratch/bmoore/RNAseq_preparation/data/raw/T2_7500_R2.fq.gz -o /mnt/shared/scratch/bmoore/RNAseq_preparation/data/processed/T2_7500_cleaned_R1.fastq.gz -O /mnt/shared/scratch/bmoore/RNAseq_preparation/data/processed/T2_7500_cleaned_R2.fastq.gz --thread 4 --qualified_quality_phred 20 --length_required 50 --trim_poly_x --html /mnt/shared/scratch/bmoore/RNAseq_preparation/logs/fastp/T2_7500_fastp_report.html --json /mnt/shared/scratch/bmoore/RNAseq_preparation/logs/fastp/T2_7500_fastp_report.json 
fastp v0.23.4, time used: 305 seconds
