Read1 before filtering:
total reads: 62298002
total bases: 9344700300
Q20 bases: 9194150757(98.3889%)
Q30 bases: 8894609567(95.1835%)

Read2 before filtering:
total reads: 62298002
total bases: 9344700300
Q20 bases: 9139749531(97.8068%)
Q30 bases: 8792596222(94.0918%)

Read1 after filtering:
total reads: 61586014
total bases: 9210363321
Q20 bases: 9084112028(98.6292%)
Q30 bases: 8806537987(95.6155%)

Read2 after filtering:
total reads: 61586014
total bases: 9210248565
Q20 bases: 9053754360(98.3009%)
Q30 bases: 8741404262(94.9095%)

Filtering result:
reads passed filter: 123172028
reads failed due to low quality: 1094582
reads failed due to too many N: 62400
reads failed due to too short: 266994
reads with adapter trimmed: 1530736
bases trimmed due to adapters: 56953742
reads with polyX in 3' end: 468647
bases trimmed in polyX tail: 25865475

Duplication rate: 49.483%

Insert size peak (evaluated by paired-end reads): 269

JSON report: /mnt/shared/scratch/bmoore/RNAseq_preparation/logs/fastp/T2_7411_fastp_report.json
HTML report: /mnt/shared/scratch/bmoore/RNAseq_preparation/logs/fastp/T2_7411_fastp_report.html

fastp -i /mnt/shared/scratch/bmoore/RNAseq_preparation/data/raw/T2_7411_R1.fq.gz -I /mnt/shared/scratch/bmoore/RNAseq_preparation/data/raw/T2_7411_R2.fq.gz -o /mnt/shared/scratch/bmoore/RNAseq_preparation/data/processed/T2_7411_cleaned_R1.fastq.gz -O /mnt/shared/scratch/bmoore/RNAseq_preparation/data/processed/T2_7411_cleaned_R2.fastq.gz --thread 4 --qualified_quality_phred 20 --length_required 50 --trim_poly_x --html /mnt/shared/scratch/bmoore/RNAseq_preparation/logs/fastp/T2_7411_fastp_report.html --json /mnt/shared/scratch/bmoore/RNAseq_preparation/logs/fastp/T2_7411_fastp_report.json 
fastp v0.23.4, time used: 317 seconds
