Read1 before filtering:
total reads: 57773656
total bases: 8666048400
Q20 bases: 8519734401(98.3116%)
Q30 bases: 8232802966(95.0007%)

Read2 before filtering:
total reads: 57773656
total bases: 8666048400
Q20 bases: 8468583345(97.7214%)
Q30 bases: 8137306281(93.8987%)

Read1 after filtering:
total reads: 57113686
total bases: 8522714921
Q20 bases: 8402261868(98.5867%)
Q30 bases: 8137037380(95.4747%)

Read2 after filtering:
total reads: 57113686
total bases: 8522536317
Q20 bases: 8375849447(98.2788%)
Q30 bases: 8080586505(94.8143%)

Filtering result:
reads passed filter: 114227372
reads failed due to low quality: 1068142
reads failed due to too many N: 56346
reads failed due to too short: 195452
reads with adapter trimmed: 2371616
bases trimmed due to adapters: 92164320
reads with polyX in 3' end: 373475
bases trimmed in polyX tail: 17275091

Duplication rate: 38.8998%

Insert size peak (evaluated by paired-end reads): 269

JSON report: /mnt/shared/scratch/bmoore/RNAseq_preparation/logs/fastp/T2_7383_fastp_report.json
HTML report: /mnt/shared/scratch/bmoore/RNAseq_preparation/logs/fastp/T2_7383_fastp_report.html

fastp -i /mnt/shared/scratch/bmoore/RNAseq_preparation/data/raw/T2_7383_R1.fq.gz -I /mnt/shared/scratch/bmoore/RNAseq_preparation/data/raw/T2_7383_R2.fq.gz -o /mnt/shared/scratch/bmoore/RNAseq_preparation/data/processed/T2_7383_cleaned_R1.fastq.gz -O /mnt/shared/scratch/bmoore/RNAseq_preparation/data/processed/T2_7383_cleaned_R2.fastq.gz --thread 4 --qualified_quality_phred 20 --length_required 50 --trim_poly_x --html /mnt/shared/scratch/bmoore/RNAseq_preparation/logs/fastp/T2_7383_fastp_report.html --json /mnt/shared/scratch/bmoore/RNAseq_preparation/logs/fastp/T2_7383_fastp_report.json 
fastp v0.23.4, time used: 301 seconds
