Read1 before filtering:
total reads: 65206136
total bases: 9780920400
Q20 bases: 9619663659(98.3513%)
Q30 bases: 9306849960(95.1531%)

Read2 before filtering:
total reads: 65206136
total bases: 9780920400
Q20 bases: 9563443827(97.7765%)
Q30 bases: 9209362107(94.1564%)

Read1 after filtering:
total reads: 64472307
total bases: 9585989052
Q20 bases: 9456114272(98.6452%)
Q30 bases: 9169935000(95.6598%)

Read2 after filtering:
total reads: 64472307
total bases: 9585804878
Q20 bases: 9432207180(98.3977%)
Q30 bases: 9122054420(95.1621%)

Filtering result:
reads passed filter: 128944614
reads failed due to low quality: 1133056
reads failed due to too many N: 65748
reads failed due to too short: 268854
reads with adapter trimmed: 5141130
bases trimmed due to adapters: 174836410
reads with polyX in 3' end: 479601
bases trimmed in polyX tail: 24299727

Duplication rate: 36.5299%

Insert size peak (evaluated by paired-end reads): 269

JSON report: /mnt/shared/scratch/bmoore/RNAseq_preparation/logs/fastp/T2_7148_fastp_report.json
HTML report: /mnt/shared/scratch/bmoore/RNAseq_preparation/logs/fastp/T2_7148_fastp_report.html

fastp -i /mnt/shared/scratch/bmoore/RNAseq_preparation/data/raw/T2_7148_R1.fq.gz -I /mnt/shared/scratch/bmoore/RNAseq_preparation/data/raw/T2_7148_R2.fq.gz -o /mnt/shared/scratch/bmoore/RNAseq_preparation/data/processed/T2_7148_cleaned_R1.fastq.gz -O /mnt/shared/scratch/bmoore/RNAseq_preparation/data/processed/T2_7148_cleaned_R2.fastq.gz --thread 4 --qualified_quality_phred 20 --length_required 50 --trim_poly_x --html /mnt/shared/scratch/bmoore/RNAseq_preparation/logs/fastp/T2_7148_fastp_report.html --json /mnt/shared/scratch/bmoore/RNAseq_preparation/logs/fastp/T2_7148_fastp_report.json 
fastp v0.23.4, time used: 355 seconds
