Read1 before filtering:
total reads: 50758627
total bases: 7613794050
Q20 bases: 7477914908(98.2154%)
Q30 bases: 7210441243(94.7023%)

Read2 before filtering:
total reads: 50758627
total bases: 7613794050
Q20 bases: 7416880302(97.4137%)
Q30 bases: 7078124580(92.9645%)

Read1 after filtering:
total reads: 50150845
total bases: 7487474104
Q20 bases: 7373903725(98.4832%)
Q30 bases: 7126390731(95.1775%)

Read2 after filtering:
total reads: 50150845
total bases: 7487365573
Q20 bases: 7334182501(97.9541%)
Q30 bases: 7027681445(93.8605%)

Filtering result:
reads passed filter: 100301690
reads failed due to low quality: 973858
reads failed due to too many N: 48666
reads failed due to too short: 193040
reads with adapter trimmed: 1929852
bases trimmed due to adapters: 72850346
reads with polyX in 3' end: 320765
bases trimmed in polyX tail: 16739619

Duplication rate: 39.0379%

Insert size peak (evaluated by paired-end reads): 269

JSON report: /mnt/shared/scratch/bmoore/RNAseq_preparation/logs/fastp/T2_7574_fastp_report.json
HTML report: /mnt/shared/scratch/bmoore/RNAseq_preparation/logs/fastp/T2_7574_fastp_report.html

fastp -i /mnt/shared/scratch/bmoore/RNAseq_preparation/data/raw/T2_7574_R1.fq.gz -I /mnt/shared/scratch/bmoore/RNAseq_preparation/data/raw/T2_7574_R2.fq.gz -o /mnt/shared/scratch/bmoore/RNAseq_preparation/data/processed/T2_7574_cleaned_R1.fastq.gz -O /mnt/shared/scratch/bmoore/RNAseq_preparation/data/processed/T2_7574_cleaned_R2.fastq.gz --thread 4 --qualified_quality_phred 20 --length_required 50 --trim_poly_x --html /mnt/shared/scratch/bmoore/RNAseq_preparation/logs/fastp/T2_7574_fastp_report.html --json /mnt/shared/scratch/bmoore/RNAseq_preparation/logs/fastp/T2_7574_fastp_report.json 
fastp v0.23.4, time used: 276 seconds
