Read1 before filtering:
total reads: 51163117
total bases: 7674467550
Q20 bases: 7544735191(98.3096%)
Q30 bases: 7285314496(94.9293%)

Read2 before filtering:
total reads: 51163117
total bases: 7674467550
Q20 bases: 7496669212(97.6832%)
Q30 bases: 7192066022(93.7142%)

Read1 after filtering:
total reads: 50618702
total bases: 7550499712
Q20 bases: 7441707005(98.5591%)
Q30 bases: 7200863188(95.3694%)

Read2 after filtering:
total reads: 50618702
total bases: 7550388275
Q20 bases: 7415145824(98.2088%)
Q30 bases: 7141390306(94.5831%)

Filtering result:
reads passed filter: 101237404
reads failed due to low quality: 878084
reads failed due to too many N: 50438
reads failed due to too short: 160308
reads with adapter trimmed: 2318762
bases trimmed due to adapters: 87657542
reads with polyX in 3' end: 307598
bases trimmed in polyX tail: 14003062

Duplication rate: 36.9948%

Insert size peak (evaluated by paired-end reads): 269

JSON report: /mnt/shared/scratch/bmoore/RNAseq_preparation/logs/fastp/T2_7507_fastp_report.json
HTML report: /mnt/shared/scratch/bmoore/RNAseq_preparation/logs/fastp/T2_7507_fastp_report.html

fastp -i /mnt/shared/scratch/bmoore/RNAseq_preparation/data/raw/T2_7507_R1.fq.gz -I /mnt/shared/scratch/bmoore/RNAseq_preparation/data/raw/T2_7507_R2.fq.gz -o /mnt/shared/scratch/bmoore/RNAseq_preparation/data/processed/T2_7507_cleaned_R1.fastq.gz -O /mnt/shared/scratch/bmoore/RNAseq_preparation/data/processed/T2_7507_cleaned_R2.fastq.gz --thread 4 --qualified_quality_phred 20 --length_required 50 --trim_poly_x --html /mnt/shared/scratch/bmoore/RNAseq_preparation/logs/fastp/T2_7507_fastp_report.html --json /mnt/shared/scratch/bmoore/RNAseq_preparation/logs/fastp/T2_7507_fastp_report.json 
fastp v0.23.4, time used: 269 seconds
