Read1 before filtering:
total reads: 59574269
total bases: 8936140350
Q20 bases: 8791570619(98.3822%)
Q30 bases: 8511717812(95.2505%)

Read2 before filtering:
total reads: 59574269
total bases: 8936140350
Q20 bases: 8739094756(97.795%)
Q30 bases: 8415301251(94.1715%)

Read1 after filtering:
total reads: 58918422
total bases: 8754291443
Q20 bases: 8638856969(98.6814%)
Q30 bases: 8383653706(95.7662%)

Read2 after filtering:
total reads: 58918422
total bases: 8754117173
Q20 bases: 8613201833(98.3903%)
Q30 bases: 8330974852(95.1664%)

Filtering result:
reads passed filter: 117836844
reads failed due to low quality: 1038682
reads failed due to too many N: 60570
reads failed due to too short: 212442
reads with adapter trimmed: 4863084
bases trimmed due to adapters: 171891306
reads with polyX in 3' end: 390785
bases trimmed in polyX tail: 17655042

Duplication rate: 36.8305%

Insert size peak (evaluated by paired-end reads): 269

JSON report: /mnt/shared/scratch/bmoore/RNAseq_preparation/logs/fastp/T2_7197_fastp_report.json
HTML report: /mnt/shared/scratch/bmoore/RNAseq_preparation/logs/fastp/T2_7197_fastp_report.html

fastp -i /mnt/shared/scratch/bmoore/RNAseq_preparation/data/raw/T2_7197_R1.fq.gz -I /mnt/shared/scratch/bmoore/RNAseq_preparation/data/raw/T2_7197_R2.fq.gz -o /mnt/shared/scratch/bmoore/RNAseq_preparation/data/processed/T2_7197_cleaned_R1.fastq.gz -O /mnt/shared/scratch/bmoore/RNAseq_preparation/data/processed/T2_7197_cleaned_R2.fastq.gz --thread 4 --qualified_quality_phred 20 --length_required 50 --trim_poly_x --html /mnt/shared/scratch/bmoore/RNAseq_preparation/logs/fastp/T2_7197_fastp_report.html --json /mnt/shared/scratch/bmoore/RNAseq_preparation/logs/fastp/T2_7197_fastp_report.json 
fastp v0.23.4, time used: 303 seconds
