Read1 before filtering:
total reads: 84109748
total bases: 12616462200
Q20 bases: 12409774455(98.3618%)
Q30 bases: 12009916836(95.1924%)

Read2 before filtering:
total reads: 84109748
total bases: 12616462200
Q20 bases: 12331035586(97.7377%)
Q30 bases: 11861361080(94.015%)

Read1 after filtering:
total reads: 83114533
total bases: 12366587924
Q20 bases: 12202204909(98.6707%)
Q30 bases: 11837359306(95.7205%)

Read2 after filtering:
total reads: 83114533
total bases: 12366333512
Q20 bases: 12161567423(98.3442%)
Q30 bases: 11749903823(95.0153%)

Filtering result:
reads passed filter: 166229066
reads failed due to low quality: 1575536
reads failed due to too many N: 83406
reads failed due to too short: 331488
reads with adapter trimmed: 6095576
bases trimmed due to adapters: 206256850
reads with polyX in 3' end: 596645
bases trimmed in polyX tail: 30694221

Duplication rate: 44.0709%

Insert size peak (evaluated by paired-end reads): 268

JSON report: /mnt/shared/scratch/bmoore/RNAseq_preparation/logs/fastp/T2_7294_fastp_report.json
HTML report: /mnt/shared/scratch/bmoore/RNAseq_preparation/logs/fastp/T2_7294_fastp_report.html

fastp -i /mnt/shared/scratch/bmoore/RNAseq_preparation/data/raw/T2_7294_R1.fq.gz -I /mnt/shared/scratch/bmoore/RNAseq_preparation/data/raw/T2_7294_R2.fq.gz -o /mnt/shared/scratch/bmoore/RNAseq_preparation/data/processed/T2_7294_cleaned_R1.fastq.gz -O /mnt/shared/scratch/bmoore/RNAseq_preparation/data/processed/T2_7294_cleaned_R2.fastq.gz --thread 4 --qualified_quality_phred 20 --length_required 50 --trim_poly_x --html /mnt/shared/scratch/bmoore/RNAseq_preparation/logs/fastp/T2_7294_fastp_report.html --json /mnt/shared/scratch/bmoore/RNAseq_preparation/logs/fastp/T2_7294_fastp_report.json 
fastp v0.23.4, time used: 429 seconds
