Read1 before filtering:
total reads: 60646693
total bases: 9097003950
Q20 bases: 8947633027(98.358%)
Q30 bases: 8651621576(95.1041%)

Read2 before filtering:
total reads: 60646693
total bases: 9097003950
Q20 bases: 8892644808(97.7536%)
Q30 bases: 8547422476(93.9587%)

Read1 after filtering:
total reads: 59976591
total bases: 8932775182
Q20 bases: 8809393984(98.6188%)
Q30 bases: 8536360219(95.5622%)

Read2 after filtering:
total reads: 59976591
total bases: 8932612255
Q20 bases: 8781207257(98.305%)
Q30 bases: 8474649736(94.8731%)

Filtering result:
reads passed filter: 119953182
reads failed due to low quality: 1051060
reads failed due to too many N: 60878
reads failed due to too short: 228266
reads with adapter trimmed: 3765718
bases trimmed due to adapters: 131399382
reads with polyX in 3' end: 374825
bases trimmed in polyX tail: 19035480

Duplication rate: 36.6503%

Insert size peak (evaluated by paired-end reads): 269

JSON report: /mnt/shared/scratch/bmoore/RNAseq_preparation/logs/fastp/T2_7530_fastp_report.json
HTML report: /mnt/shared/scratch/bmoore/RNAseq_preparation/logs/fastp/T2_7530_fastp_report.html

fastp -i /mnt/shared/scratch/bmoore/RNAseq_preparation/data/raw/T2_7530_R1.fq.gz -I /mnt/shared/scratch/bmoore/RNAseq_preparation/data/raw/T2_7530_R2.fq.gz -o /mnt/shared/scratch/bmoore/RNAseq_preparation/data/processed/T2_7530_cleaned_R1.fastq.gz -O /mnt/shared/scratch/bmoore/RNAseq_preparation/data/processed/T2_7530_cleaned_R2.fastq.gz --thread 4 --qualified_quality_phred 20 --length_required 50 --trim_poly_x --html /mnt/shared/scratch/bmoore/RNAseq_preparation/logs/fastp/T2_7530_fastp_report.html --json /mnt/shared/scratch/bmoore/RNAseq_preparation/logs/fastp/T2_7530_fastp_report.json 
fastp v0.23.4, time used: 312 seconds
