Read1 before filtering:
total reads: 69220158
total bases: 10383023700
Q20 bases: 10219516069(98.4252%)
Q30 bases: 9901657713(95.3639%)

Read2 before filtering:
total reads: 69220158
total bases: 10383023700
Q20 bases: 10161416883(97.8657%)
Q30 bases: 9793630952(94.3235%)

Read1 after filtering:
total reads: 68424200
total bases: 10196714001
Q20 bases: 10065331361(98.7115%)
Q30 bases: 9773873091(95.8532%)

Read2 after filtering:
total reads: 68424200
total bases: 10196491118
Q20 bases: 10036309687(98.4291%)
Q30 bases: 9712703040(95.2553%)

Filtering result:
reads passed filter: 136848400
reads failed due to low quality: 1274550
reads failed due to too many N: 68728
reads failed due to too short: 248638
reads with adapter trimmed: 3901972
bases trimmed due to adapters: 138027844
reads with polyX in 3' end: 454546
bases trimmed in polyX tail: 22692051

Duplication rate: 42.9408%

Insert size peak (evaluated by paired-end reads): 268

JSON report: /mnt/shared/scratch/bmoore/RNAseq_preparation/logs/fastp/T2_7326_fastp_report.json
HTML report: /mnt/shared/scratch/bmoore/RNAseq_preparation/logs/fastp/T2_7326_fastp_report.html

fastp -i /mnt/shared/scratch/bmoore/RNAseq_preparation/data/raw/T2_7326_R1.fq.gz -I /mnt/shared/scratch/bmoore/RNAseq_preparation/data/raw/T2_7326_R2.fq.gz -o /mnt/shared/scratch/bmoore/RNAseq_preparation/data/processed/T2_7326_cleaned_R1.fastq.gz -O /mnt/shared/scratch/bmoore/RNAseq_preparation/data/processed/T2_7326_cleaned_R2.fastq.gz --thread 4 --qualified_quality_phred 20 --length_required 50 --trim_poly_x --html /mnt/shared/scratch/bmoore/RNAseq_preparation/logs/fastp/T2_7326_fastp_report.html --json /mnt/shared/scratch/bmoore/RNAseq_preparation/logs/fastp/T2_7326_fastp_report.json 
fastp v0.23.4, time used: 349 seconds
