Read1 before filtering:
total reads: 53464202
total bases: 8019630300
Q20 bases: 7884885527(98.3198%)
Q30 bases: 7615989112(94.9668%)

Read2 before filtering:
total reads: 53464202
total bases: 8019630300
Q20 bases: 7827934654(97.6097%)
Q30 bases: 7497285413(93.4867%)

Read1 after filtering:
total reads: 52830219
total bases: 7881030514
Q20 bases: 7768276543(98.5693%)
Q30 bases: 7519621697(95.4142%)

Read2 after filtering:
total reads: 52830219
total bases: 7880909545
Q20 bases: 7735011670(98.1487%)
Q30 bases: 7438583205(94.3874%)

Filtering result:
reads passed filter: 105660438
reads failed due to low quality: 965474
reads failed due to too many N: 40184
reads failed due to too short: 262308
reads with adapter trimmed: 2339108
bases trimmed due to adapters: 90434054
reads with polyX in 3' end: 388217
bases trimmed in polyX tail: 23454736

Duplication rate: 39.1217%

Insert size peak (evaluated by paired-end reads): 269

JSON report: /mnt/shared/scratch/bmoore/RNAseq_preparation/logs/fastp/T2_7623_fastp_report.json
HTML report: /mnt/shared/scratch/bmoore/RNAseq_preparation/logs/fastp/T2_7623_fastp_report.html

fastp -i /mnt/shared/scratch/bmoore/RNAseq_preparation/data/raw/T2_7623_R1.fq.gz -I /mnt/shared/scratch/bmoore/RNAseq_preparation/data/raw/T2_7623_R2.fq.gz -o /mnt/shared/scratch/bmoore/RNAseq_preparation/data/processed/T2_7623_cleaned_R1.fastq.gz -O /mnt/shared/scratch/bmoore/RNAseq_preparation/data/processed/T2_7623_cleaned_R2.fastq.gz --thread 4 --qualified_quality_phred 20 --length_required 50 --trim_poly_x --html /mnt/shared/scratch/bmoore/RNAseq_preparation/logs/fastp/T2_7623_fastp_report.html --json /mnt/shared/scratch/bmoore/RNAseq_preparation/logs/fastp/T2_7623_fastp_report.json 
fastp v0.23.4, time used: 283 seconds
