Read1 before filtering:
total reads: 59778297
total bases: 8966744550
Q20 bases: 8825386312(98.4235%)
Q30 bases: 8547649159(95.3261%)

Read2 before filtering:
total reads: 59778297
total bases: 8966744550
Q20 bases: 8774878185(97.8602%)
Q30 bases: 8450622082(94.244%)

Read1 after filtering:
total reads: 59177867
total bases: 8812623118
Q20 bases: 8697049979(98.6886%)
Q30 bases: 8440868910(95.7816%)

Read2 after filtering:
total reads: 59177867
total bases: 8812424170
Q20 bases: 8670684413(98.3916%)
Q30 bases: 8382550105(95.122%)

Filtering result:
reads passed filter: 118355734
reads failed due to low quality: 969450
reads failed due to too many N: 57356
reads failed due to too short: 174054
reads with adapter trimmed: 3833420
bases trimmed due to adapters: 131525736
reads with polyX in 3' end: 370499
bases trimmed in polyX tail: 15922530

Duplication rate: 39.2035%

Insert size peak (evaluated by paired-end reads): 269

JSON report: /mnt/shared/scratch/bmoore/RNAseq_preparation/logs/fastp/T2_7211_fastp_report.json
HTML report: /mnt/shared/scratch/bmoore/RNAseq_preparation/logs/fastp/T2_7211_fastp_report.html

fastp -i /mnt/shared/scratch/bmoore/RNAseq_preparation/data/raw/T2_7211_R1.fq.gz -I /mnt/shared/scratch/bmoore/RNAseq_preparation/data/raw/T2_7211_R2.fq.gz -o /mnt/shared/scratch/bmoore/RNAseq_preparation/data/processed/T2_7211_cleaned_R1.fastq.gz -O /mnt/shared/scratch/bmoore/RNAseq_preparation/data/processed/T2_7211_cleaned_R2.fastq.gz --thread 4 --qualified_quality_phred 20 --length_required 50 --trim_poly_x --html /mnt/shared/scratch/bmoore/RNAseq_preparation/logs/fastp/T2_7211_fastp_report.html --json /mnt/shared/scratch/bmoore/RNAseq_preparation/logs/fastp/T2_7211_fastp_report.json 
fastp v0.23.4, time used: 310 seconds
