Read1 before filtering:
total reads: 51148529
total bases: 7672279350
Q20 bases: 7489322035(97.6153%)
Q30 bases: 7119132310(92.7903%)

Read2 before filtering:
total reads: 51148529
total bases: 7672279350
Q20 bases: 7412452056(96.6134%)
Q30 bases: 6946952540(90.5461%)

Read1 after filtering:
total reads: 50486858
total bases: 7521497463
Q20 bases: 7363415526(97.8983%)
Q30 bases: 7017964821(93.3054%)

Read2 after filtering:
total reads: 50486858
total bases: 7521378077
Q20 bases: 7313299309(97.2335%)
Q30 bases: 6888295995(91.5829%)

Filtering result:
reads passed filter: 100973716
reads failed due to low quality: 1029882
reads failed due to too many N: 39674
reads failed due to too short: 253786
reads with adapter trimmed: 2802074
bases trimmed due to adapters: 106532796
reads with polyX in 3' end: 360487
bases trimmed in polyX tail: 20584629

Duplication rate: 30.7726%

Insert size peak (evaluated by paired-end reads): 269

JSON report: /mnt/shared/scratch/bmoore/RNAseq_preparation/logs/fastp/T2_7436_fastp_report.json
HTML report: /mnt/shared/scratch/bmoore/RNAseq_preparation/logs/fastp/T2_7436_fastp_report.html

fastp -i /mnt/shared/scratch/bmoore/RNAseq_preparation/data/raw/T2_7436_R1.fq.gz -I /mnt/shared/scratch/bmoore/RNAseq_preparation/data/raw/T2_7436_R2.fq.gz -o /mnt/shared/scratch/bmoore/RNAseq_preparation/data/processed/T2_7436_cleaned_R1.fastq.gz -O /mnt/shared/scratch/bmoore/RNAseq_preparation/data/processed/T2_7436_cleaned_R2.fastq.gz --thread 4 --qualified_quality_phred 20 --length_required 50 --trim_poly_x --html /mnt/shared/scratch/bmoore/RNAseq_preparation/logs/fastp/T2_7436_fastp_report.html --json /mnt/shared/scratch/bmoore/RNAseq_preparation/logs/fastp/T2_7436_fastp_report.json 
fastp v0.23.4, time used: 279 seconds
