Read1 before filtering:
total reads: 58104670
total bases: 8715700500
Q20 bases: 8570990156(98.3397%)
Q30 bases: 8285569910(95.0649%)

Read2 before filtering:
total reads: 58104670
total bases: 8715700500
Q20 bases: 8514843426(97.6955%)
Q30 bases: 8176582429(93.8144%)

Read1 after filtering:
total reads: 57472777
total bases: 8563453355
Q20 bases: 8444340282(98.6091%)
Q30 bases: 8180974835(95.5336%)

Read2 after filtering:
total reads: 57472777
total bases: 8563302914
Q20 bases: 8413724422(98.2533%)
Q30 bases: 8112573050(94.7365%)

Filtering result:
reads passed filter: 114945554
reads failed due to low quality: 1018996
reads failed due to too many N: 58252
reads failed due to too short: 186538
reads with adapter trimmed: 3070616
bases trimmed due to adapters: 118821470
reads with polyX in 3' end: 360205
bases trimmed in polyX tail: 16062332

Duplication rate: 37.0741%

Insert size peak (evaluated by paired-end reads): 269

JSON report: /mnt/shared/scratch/bmoore/RNAseq_preparation/logs/fastp/T2_7510_fastp_report.json
HTML report: /mnt/shared/scratch/bmoore/RNAseq_preparation/logs/fastp/T2_7510_fastp_report.html

fastp -i /mnt/shared/scratch/bmoore/RNAseq_preparation/data/raw/T2_7510_R1.fq.gz -I /mnt/shared/scratch/bmoore/RNAseq_preparation/data/raw/T2_7510_R2.fq.gz -o /mnt/shared/scratch/bmoore/RNAseq_preparation/data/processed/T2_7510_cleaned_R1.fastq.gz -O /mnt/shared/scratch/bmoore/RNAseq_preparation/data/processed/T2_7510_cleaned_R2.fastq.gz --thread 4 --qualified_quality_phred 20 --length_required 50 --trim_poly_x --html /mnt/shared/scratch/bmoore/RNAseq_preparation/logs/fastp/T2_7510_fastp_report.html --json /mnt/shared/scratch/bmoore/RNAseq_preparation/logs/fastp/T2_7510_fastp_report.json 
fastp v0.23.4, time used: 310 seconds
