Read1 before filtering:
total reads: 51138002
total bases: 7670700300
Q20 bases: 7538717313(98.2794%)
Q30 bases: 7280557105(94.9139%)

Read2 before filtering:
total reads: 51138002
total bases: 7670700300
Q20 bases: 7485571364(97.5865%)
Q30 bases: 7171274042(93.4892%)

Read1 after filtering:
total reads: 50538280
total bases: 7534360225
Q20 bases: 7425331925(98.5529%)
Q30 bases: 7187677392(95.3986%)

Read2 after filtering:
total reads: 50538280
total bases: 7534257293
Q20 bases: 7394194270(98.141%)
Q30 bases: 7113428363(94.4145%)

Filtering result:
reads passed filter: 101076560
reads failed due to low quality: 910116
reads failed due to too many N: 45636
reads failed due to too short: 243692
reads with adapter trimmed: 2365198
bases trimmed due to adapters: 97316314
reads with polyX in 3' end: 348037
bases trimmed in polyX tail: 18949266

Duplication rate: 39.8427%

Insert size peak (evaluated by paired-end reads): 269

JSON report: /mnt/shared/scratch/bmoore/RNAseq_preparation/logs/fastp/T3_7025_fastp_report.json
HTML report: /mnt/shared/scratch/bmoore/RNAseq_preparation/logs/fastp/T3_7025_fastp_report.html

fastp -i /mnt/shared/scratch/bmoore/RNAseq_preparation/data/raw/T3_7025_R1.fq.gz -I /mnt/shared/scratch/bmoore/RNAseq_preparation/data/raw/T3_7025_R2.fq.gz -o /mnt/shared/scratch/bmoore/RNAseq_preparation/data/processed/T3_7025_cleaned_R1.fastq.gz -O /mnt/shared/scratch/bmoore/RNAseq_preparation/data/processed/T3_7025_cleaned_R2.fastq.gz --thread 4 --qualified_quality_phred 20 --length_required 50 --trim_poly_x --html /mnt/shared/scratch/bmoore/RNAseq_preparation/logs/fastp/T3_7025_fastp_report.html --json /mnt/shared/scratch/bmoore/RNAseq_preparation/logs/fastp/T3_7025_fastp_report.json 
fastp v0.23.4, time used: 262 seconds
