Read1 before filtering:
total reads: 63201068
total bases: 9480160200
Q20 bases: 9236062335(97.4252%)
Q30 bases: 8765485543(92.4614%)

Read2 before filtering:
total reads: 63201068
total bases: 9480160200
Q20 bases: 9226762832(97.3271%)
Q30 bases: 8781718605(92.6326%)

Read1 after filtering:
total reads: 62516769
total bases: 9318341475
Q20 bases: 9104929224(97.7098%)
Q30 bases: 8661480784(92.9509%)

Read2 after filtering:
total reads: 62516769
total bases: 9318352332
Q20 bases: 9119765889(97.8689%)
Q30 bases: 8715169011(93.5269%)

Filtering result:
reads passed filter: 125033538
reads failed due to low quality: 1095920
reads failed due to too many N: 39306
reads failed due to too short: 233372
reads with adapter trimmed: 3051840
bases trimmed due to adapters: 122608194
reads with polyX in 3' end: 431537
bases trimmed in polyX tail: 22472917

Duplication rate: 34.033%

Insert size peak (evaluated by paired-end reads): 269

# Filepaths redacted
