Read1 before filtering:
total reads: 51110489
total bases: 7666573350
Q20 bases: 7477299385(97.5312%)
Q30 bases: 7105913646(92.687%)

Read2 before filtering:
total reads: 51110489
total bases: 7666573350
Q20 bases: 7458124503(97.2811%)
Q30 bases: 7080825698(92.3597%)

Read1 after filtering:
total reads: 50621036
total bases: 7567087089
Q20 bases: 7396368718(97.7439%)
Q30 bases: 7042023090(93.0612%)

Read2 after filtering:
total reads: 50621036
total bases: 7567004674
Q20 bases: 7394908983(97.7257%)
Q30 bases: 7044581154(93.096%)

Filtering result:
reads passed filter: 101242072
reads failed due to low quality: 795230
reads failed due to too many N: 28750
reads failed due to too short: 154926
reads with adapter trimmed: 1384298
bases trimmed due to adapters: 54348802
reads with polyX in 3' end: 281852
bases trimmed in polyX tail: 13652961

Duplication rate: 33.8619%

Insert size peak (evaluated by paired-end reads): 269

JSON report: /mnt/shared/scratch/bmoore/RNAseq_preparation/logs/fastp/T3_7436_fastp_report.json
HTML report: /mnt/shared/scratch/bmoore/RNAseq_preparation/logs/fastp/T3_7436_fastp_report.html

fastp -i /mnt/shared/scratch/bmoore/RNAseq_preparation/data/raw/T3_7436_R1.fq.gz -I /mnt/shared/scratch/bmoore/RNAseq_preparation/data/raw/T3_7436_R2.fq.gz -o /mnt/shared/scratch/bmoore/RNAseq_preparation/data/processed/T3_7436_cleaned_R1.fastq.gz -O /mnt/shared/scratch/bmoore/RNAseq_preparation/data/processed/T3_7436_cleaned_R2.fastq.gz --thread 4 --qualified_quality_phred 20 --length_required 50 --trim_poly_x --html /mnt/shared/scratch/bmoore/RNAseq_preparation/logs/fastp/T3_7436_fastp_report.html --json /mnt/shared/scratch/bmoore/RNAseq_preparation/logs/fastp/T3_7436_fastp_report.json 
fastp v0.23.4, time used: 283 seconds
