Read1 before filtering:
total reads: 64017610
total bases: 9602641500
Q20 bases: 9366944119(97.5455%)
Q30 bases: 8908414833(92.7705%)

Read2 before filtering:
total reads: 64017610
total bases: 9602641500
Q20 bases: 9359903542(97.4722%)
Q30 bases: 8927668263(92.971%)

Read1 after filtering:
total reads: 63392465
total bases: 9446620986
Q20 bases: 9239184863(97.8041%)
Q30 bases: 8805191077(93.21%)

Read2 after filtering:
total reads: 63392465
total bases: 9446495182
Q20 bases: 9255025650(97.9731%)
Q30 bases: 8861078883(93.8028%)

Filtering result:
reads passed filter: 126784930
reads failed due to low quality: 1000386
reads failed due to too many N: 40230
reads failed due to too short: 209674
reads with adapter trimmed: 3286214
bases trimmed due to adapters: 129225086
reads with polyX in 3' end: 376015
bases trimmed in polyX tail: 18171502

Duplication rate: 34.0276%

Insert size peak (evaluated by paired-end reads): 269

JSON report: /mnt/shared/scratch/bmoore/RNAseq_preparation/logs/fastp/T3_7538_fastp_report.json
HTML report: /mnt/shared/scratch/bmoore/RNAseq_preparation/logs/fastp/T3_7538_fastp_report.html

fastp -i /mnt/shared/scratch/bmoore/RNAseq_preparation/data/raw/T3_7538_R1.fq.gz -I /mnt/shared/scratch/bmoore/RNAseq_preparation/data/raw/T3_7538_R2.fq.gz -o /mnt/shared/scratch/bmoore/RNAseq_preparation/data/processed/T3_7538_cleaned_R1.fastq.gz -O /mnt/shared/scratch/bmoore/RNAseq_preparation/data/processed/T3_7538_cleaned_R2.fastq.gz --thread 4 --qualified_quality_phred 20 --length_required 50 --trim_poly_x --html /mnt/shared/scratch/bmoore/RNAseq_preparation/logs/fastp/T3_7538_fastp_report.html --json /mnt/shared/scratch/bmoore/RNAseq_preparation/logs/fastp/T3_7538_fastp_report.json 
fastp v0.23.4, time used: 347 seconds
