Read1 before filtering:
total reads: 56519026
total bases: 8477853900
Q20 bases: 8324307798(98.1889%)
Q30 bases: 8020502425(94.6053%)

Read2 before filtering:
total reads: 56519026
total bases: 8477853900
Q20 bases: 8271678459(97.5681%)
Q30 bases: 7916584685(93.3796%)

Read1 after filtering:
total reads: 55874714
total bases: 8338179555
Q20 bases: 8208306157(98.4424%)
Q30 bases: 7926031515(95.0571%)

Read2 after filtering:
total reads: 55874714
total bases: 8338128009
Q20 bases: 8178875590(98.0901%)
Q30 bases: 7858721516(94.2504%)

Filtering result:
reads passed filter: 111749428
reads failed due to low quality: 1001250
reads failed due to too many N: 53386
reads failed due to too short: 233988
reads with adapter trimmed: 2219732
bases trimmed due to adapters: 88579100
reads with polyX in 3' end: 386943
bases trimmed in polyX tail: 20654352

Duplication rate: 39.4815%

Insert size peak (evaluated by paired-end reads): 269

JSON report: /mnt/shared/scratch/bmoore/RNAseq_preparation/logs/fastp/T3_7078_fastp_report.json
HTML report: /mnt/shared/scratch/bmoore/RNAseq_preparation/logs/fastp/T3_7078_fastp_report.html

fastp -i /mnt/shared/scratch/bmoore/RNAseq_preparation/data/raw/T3_7078_R1.fq.gz -I /mnt/shared/scratch/bmoore/RNAseq_preparation/data/raw/T3_7078_R2.fq.gz -o /mnt/shared/scratch/bmoore/RNAseq_preparation/data/processed/T3_7078_cleaned_R1.fastq.gz -O /mnt/shared/scratch/bmoore/RNAseq_preparation/data/processed/T3_7078_cleaned_R2.fastq.gz --thread 4 --qualified_quality_phred 20 --length_required 50 --trim_poly_x --html /mnt/shared/scratch/bmoore/RNAseq_preparation/logs/fastp/T3_7078_fastp_report.html --json /mnt/shared/scratch/bmoore/RNAseq_preparation/logs/fastp/T3_7078_fastp_report.json 
fastp v0.23.4, time used: 298 seconds
