Read1 before filtering:
total reads: 54617551
total bases: 8192632650
Q20 bases: 7980838153(97.4148%)
Q30 bases: 7568008322(92.3758%)

Read2 before filtering:
total reads: 54617551
total bases: 8192632650
Q20 bases: 7962007382(97.185%)
Q30 bases: 7545354767(92.0993%)

Read1 after filtering:
total reads: 54092108
total bases: 8072730667
Q20 bases: 7883113031(97.6511%)
Q30 bases: 7490841325(92.7919%)

Read2 after filtering:
total reads: 54092108
total bases: 8072748358
Q20 bases: 7882695560(97.6457%)
Q30 bases: 7497097418(92.8692%)

Filtering result:
reads passed filter: 108184216
reads failed due to low quality: 828888
reads failed due to too many N: 31672
reads failed due to too short: 190326
reads with adapter trimmed: 2093444
bases trimmed due to adapters: 85543694
reads with polyX in 3' end: 346555
bases trimmed in polyX tail: 16574737

Duplication rate: 30.1517%

Insert size peak (evaluated by paired-end reads): 269

JSON report: /mnt/shared/scratch/bmoore/RNAseq_preparation/logs/fastp/T3_7507_fastp_report.json
HTML report: /mnt/shared/scratch/bmoore/RNAseq_preparation/logs/fastp/T3_7507_fastp_report.html

fastp -i /mnt/shared/scratch/bmoore/RNAseq_preparation/data/raw/T3_7507_R1.fq.gz -I /mnt/shared/scratch/bmoore/RNAseq_preparation/data/raw/T3_7507_R2.fq.gz -o /mnt/shared/scratch/bmoore/RNAseq_preparation/data/processed/T3_7507_cleaned_R1.fastq.gz -O /mnt/shared/scratch/bmoore/RNAseq_preparation/data/processed/T3_7507_cleaned_R2.fastq.gz --thread 4 --qualified_quality_phred 20 --length_required 50 --trim_poly_x --html /mnt/shared/scratch/bmoore/RNAseq_preparation/logs/fastp/T3_7507_fastp_report.html --json /mnt/shared/scratch/bmoore/RNAseq_preparation/logs/fastp/T3_7507_fastp_report.json 
fastp v0.23.4, time used: 307 seconds
