Read1 before filtering:
total reads: 54127107
total bases: 8119066050
Q20 bases: 7926217596(97.6247%)
Q30 bases: 7544457087(92.9227%)

Read2 before filtering:
total reads: 54127107
total bases: 8119066050
Q20 bases: 7900840549(97.3122%)
Q30 bases: 7504047782(92.425%)

Read1 after filtering:
total reads: 53634965
total bases: 8003324487
Q20 bases: 7830570966(97.8415%)
Q30 bases: 7466813563(93.2964%)

Read2 after filtering:
total reads: 53634965
total bases: 8003267915
Q20 bases: 7824179589(97.7623%)
Q30 bases: 7456748319(93.1713%)

Filtering result:
reads passed filter: 107269930
reads failed due to low quality: 787426
reads failed due to too many N: 32672
reads failed due to too short: 164186
reads with adapter trimmed: 2218772
bases trimmed due to adapters: 86964152
reads with polyX in 3' end: 285713
bases trimmed in polyX tail: 13615965

Duplication rate: 34.2016%

Insert size peak (evaluated by paired-end reads): 269

JSON report: /mnt/shared/scratch/bmoore/RNAseq_preparation/logs/fastp/T3_7480_fastp_report.json
HTML report: /mnt/shared/scratch/bmoore/RNAseq_preparation/logs/fastp/T3_7480_fastp_report.html

fastp -i /mnt/shared/scratch/bmoore/RNAseq_preparation/data/raw/T3_7480_R1.fq.gz -I /mnt/shared/scratch/bmoore/RNAseq_preparation/data/raw/T3_7480_R2.fq.gz -o /mnt/shared/scratch/bmoore/RNAseq_preparation/data/processed/T3_7480_cleaned_R1.fastq.gz -O /mnt/shared/scratch/bmoore/RNAseq_preparation/data/processed/T3_7480_cleaned_R2.fastq.gz --thread 4 --qualified_quality_phred 20 --length_required 50 --trim_poly_x --html /mnt/shared/scratch/bmoore/RNAseq_preparation/logs/fastp/T3_7480_fastp_report.html --json /mnt/shared/scratch/bmoore/RNAseq_preparation/logs/fastp/T3_7480_fastp_report.json 
fastp v0.23.4, time used: 279 seconds
