Read1 before filtering:
total reads: 51968817
total bases: 7795322550
Q20 bases: 7658554739(98.2455%)
Q30 bases: 7387405417(94.7672%)

Read2 before filtering:
total reads: 51968817
total bases: 7795322550
Q20 bases: 7602377064(97.5249%)
Q30 bases: 7274098949(93.3136%)

Read1 after filtering:
total reads: 51371737
total bases: 7664716758
Q20 bases: 7549669568(98.499%)
Q30 bases: 7298292015(95.2193%)

Read2 after filtering:
total reads: 51371737
total bases: 7664674348
Q20 bases: 7517045946(98.0739%)
Q30 bases: 7221495570(94.2179%)

Filtering result:
reads passed filter: 102743474
reads failed due to low quality: 919460
reads failed due to too many N: 49580
reads failed due to too short: 225120
reads with adapter trimmed: 2121882
bases trimmed due to adapters: 85164812
reads with polyX in 3' end: 339375
bases trimmed in polyX tail: 18251233

Duplication rate: 36.3063%

Insert size peak (evaluated by paired-end reads): 269

JSON report: /mnt/shared/scratch/bmoore/RNAseq_preparation/logs/fastp/T3_7053_fastp_report.json
HTML report: /mnt/shared/scratch/bmoore/RNAseq_preparation/logs/fastp/T3_7053_fastp_report.html

fastp -i /mnt/shared/scratch/bmoore/RNAseq_preparation/data/raw/T3_7053_R1.fq.gz -I /mnt/shared/scratch/bmoore/RNAseq_preparation/data/raw/T3_7053_R2.fq.gz -o /mnt/shared/scratch/bmoore/RNAseq_preparation/data/processed/T3_7053_cleaned_R1.fastq.gz -O /mnt/shared/scratch/bmoore/RNAseq_preparation/data/processed/T3_7053_cleaned_R2.fastq.gz --thread 4 --qualified_quality_phred 20 --length_required 50 --trim_poly_x --html /mnt/shared/scratch/bmoore/RNAseq_preparation/logs/fastp/T3_7053_fastp_report.html --json /mnt/shared/scratch/bmoore/RNAseq_preparation/logs/fastp/T3_7053_fastp_report.json 
fastp v0.23.4, time used: 278 seconds
