Read1 before filtering:
total reads: 60671974
total bases: 9100796100
Q20 bases: 8881827488(97.594%)
Q30 bases: 8453602866(92.8886%)

Read2 before filtering:
total reads: 60671974
total bases: 9100796100
Q20 bases: 8879473660(97.5681%)
Q30 bases: 8480232008(93.1812%)

Read1 after filtering:
total reads: 60120115
total bases: 8969003115
Q20 bases: 8773418877(97.8193%)
Q30 bases: 8366467014(93.282%)

Read2 after filtering:
total reads: 60120115
total bases: 8968903616
Q20 bases: 8791008175(98.0165%)
Q30 bases: 8424716982(93.9325%)

Filtering result:
reads passed filter: 120240230
reads failed due to low quality: 861848
reads failed due to too many N: 39470
reads failed due to too short: 202400
reads with adapter trimmed: 2751988
bases trimmed due to adapters: 101351372
reads with polyX in 3' end: 354985
bases trimmed in polyX tail: 18142957

Duplication rate: 34.7767%

Insert size peak (evaluated by paired-end reads): 269

JSON report: /mnt/shared/scratch/bmoore/RNAseq_preparation/logs/fastp/T3_7590_fastp_report.json
HTML report: /mnt/shared/scratch/bmoore/RNAseq_preparation/logs/fastp/T3_7590_fastp_report.html

fastp -i /mnt/shared/scratch/bmoore/RNAseq_preparation/data/raw/T3_7590_R1.fq.gz -I /mnt/shared/scratch/bmoore/RNAseq_preparation/data/raw/T3_7590_R2.fq.gz -o /mnt/shared/scratch/bmoore/RNAseq_preparation/data/processed/T3_7590_cleaned_R1.fastq.gz -O /mnt/shared/scratch/bmoore/RNAseq_preparation/data/processed/T3_7590_cleaned_R2.fastq.gz --thread 4 --qualified_quality_phred 20 --length_required 50 --trim_poly_x --html /mnt/shared/scratch/bmoore/RNAseq_preparation/logs/fastp/T3_7590_fastp_report.html --json /mnt/shared/scratch/bmoore/RNAseq_preparation/logs/fastp/T3_7590_fastp_report.json 
fastp v0.23.4, time used: 330 seconds
