Read1 before filtering:
total reads: 56418418
total bases: 8462762700
Q20 bases: 8314890104(98.2527%)
Q30 bases: 8021690917(94.7881%)

Read2 before filtering:
total reads: 56418418
total bases: 8462762700
Q20 bases: 8257125478(97.5701%)
Q30 bases: 7902717072(93.3822%)

Read1 after filtering:
total reads: 55769277
total bases: 8328201741
Q20 bases: 8203935229(98.5079%)
Q30 bases: 7931656341(95.2385%)

Read2 after filtering:
total reads: 55769277
total bases: 8328039343
Q20 bases: 8168704379(98.0868%)
Q30 bases: 7847953342(94.2353%)

Filtering result:
reads passed filter: 111538554
reads failed due to low quality: 1009624
reads failed due to too many N: 51824
reads failed due to too short: 236834
reads with adapter trimmed: 2037680
bases trimmed due to adapters: 77515118
reads with polyX in 3' end: 390853
bases trimmed in polyX tail: 21428367

Duplication rate: 41.1688%

Insert size peak (evaluated by paired-end reads): 269

JSON report: /mnt/shared/scratch/bmoore/RNAseq_preparation/logs/fastp/T3_7148_fastp_report.json
HTML report: /mnt/shared/scratch/bmoore/RNAseq_preparation/logs/fastp/T3_7148_fastp_report.html

fastp -i /mnt/shared/scratch/bmoore/RNAseq_preparation/data/raw/T3_7148_R1.fq.gz -I /mnt/shared/scratch/bmoore/RNAseq_preparation/data/raw/T3_7148_R2.fq.gz -o /mnt/shared/scratch/bmoore/RNAseq_preparation/data/processed/T3_7148_cleaned_R1.fastq.gz -O /mnt/shared/scratch/bmoore/RNAseq_preparation/data/processed/T3_7148_cleaned_R2.fastq.gz --thread 4 --qualified_quality_phred 20 --length_required 50 --trim_poly_x --html /mnt/shared/scratch/bmoore/RNAseq_preparation/logs/fastp/T3_7148_fastp_report.html --json /mnt/shared/scratch/bmoore/RNAseq_preparation/logs/fastp/T3_7148_fastp_report.json 
fastp v0.23.4, time used: 295 seconds
