Read1 before filtering:
total reads: 51706155
total bases: 7755923250
Q20 bases: 7625024524(98.3123%)
Q30 bases: 7363949738(94.9461%)

Read2 before filtering:
total reads: 51706155
total bases: 7755923250
Q20 bases: 7576242084(97.6833%)
Q30 bases: 7267509168(93.7027%)

Read1 after filtering:
total reads: 51156189
total bases: 7630523824
Q20 bases: 7520515952(98.5583%)
Q30 bases: 7278067368(95.381%)

Read2 after filtering:
total reads: 51156189
total bases: 7630375568
Q20 bases: 7492243504(98.1897%)
Q30 bases: 7214107641(94.5446%)

Filtering result:
reads passed filter: 102312378
reads failed due to low quality: 861150
reads failed due to too many N: 46500
reads failed due to too short: 192282
reads with adapter trimmed: 2403352
bases trimmed due to adapters: 88820738
reads with polyX in 3' end: 328922
bases trimmed in polyX tail: 16957218

Duplication rate: 40.9474%

Insert size peak (evaluated by paired-end reads): 269

JSON report: /mnt/shared/scratch/bmoore/RNAseq_preparation/logs/fastp/T3_7183_fastp_report.json
HTML report: /mnt/shared/scratch/bmoore/RNAseq_preparation/logs/fastp/T3_7183_fastp_report.html

fastp -i /mnt/shared/scratch/bmoore/RNAseq_preparation/data/raw/T3_7183_R1.fq.gz -I /mnt/shared/scratch/bmoore/RNAseq_preparation/data/raw/T3_7183_R2.fq.gz -o /mnt/shared/scratch/bmoore/RNAseq_preparation/data/processed/T3_7183_cleaned_R1.fastq.gz -O /mnt/shared/scratch/bmoore/RNAseq_preparation/data/processed/T3_7183_cleaned_R2.fastq.gz --thread 4 --qualified_quality_phred 20 --length_required 50 --trim_poly_x --html /mnt/shared/scratch/bmoore/RNAseq_preparation/logs/fastp/T3_7183_fastp_report.html --json /mnt/shared/scratch/bmoore/RNAseq_preparation/logs/fastp/T3_7183_fastp_report.json 
fastp v0.23.4, time used: 265 seconds
