Read1 before filtering:
total reads: 49149857
total bases: 7372478550
Q20 bases: 7243680311(98.253%)
Q30 bases: 6992984597(94.8526%)

Read2 before filtering:
total reads: 49149857
total bases: 7372478550
Q20 bases: 7194648899(97.5879%)
Q30 bases: 6890311227(93.4599%)

Read1 after filtering:
total reads: 48568024
total bases: 7251207882
Q20 bases: 7144306262(98.5257%)
Q30 bases: 6912532451(95.3294%)

Read2 after filtering:
total reads: 48568024
total bases: 7251072900
Q20 bases: 7115376341(98.1286%)
Q30 bases: 6841726994(94.3547%)

Filtering result:
reads passed filter: 97136048
reads failed due to low quality: 916206
reads failed due to too many N: 48220
reads failed due to too short: 199240
reads with adapter trimmed: 1813726
bases trimmed due to adapters: 71076168
reads with polyX in 3' end: 317818
bases trimmed in polyX tail: 16854520

Duplication rate: 38.1445%

Insert size peak (evaluated by paired-end reads): 269

JSON report: /mnt/shared/scratch/bmoore/RNAseq_preparation/logs/fastp/T3_7069_fastp_report.json
HTML report: /mnt/shared/scratch/bmoore/RNAseq_preparation/logs/fastp/T3_7069_fastp_report.html

fastp -i /mnt/shared/scratch/bmoore/RNAseq_preparation/data/raw/T3_7069_R1.fq.gz -I /mnt/shared/scratch/bmoore/RNAseq_preparation/data/raw/T3_7069_R2.fq.gz -o /mnt/shared/scratch/bmoore/RNAseq_preparation/data/processed/T3_7069_cleaned_R1.fastq.gz -O /mnt/shared/scratch/bmoore/RNAseq_preparation/data/processed/T3_7069_cleaned_R2.fastq.gz --thread 4 --qualified_quality_phred 20 --length_required 50 --trim_poly_x --html /mnt/shared/scratch/bmoore/RNAseq_preparation/logs/fastp/T3_7069_fastp_report.html --json /mnt/shared/scratch/bmoore/RNAseq_preparation/logs/fastp/T3_7069_fastp_report.json 
fastp v0.23.4, time used: 259 seconds
