Read1 before filtering:
total reads: 55110223
total bases: 8266533450
Q20 bases: 8055999655(97.4532%)
Q30 bases: 7651690287(92.5623%)

Read2 before filtering:
total reads: 55110223
total bases: 8266533450
Q20 bases: 8040437615(97.2649%)
Q30 bases: 7645371995(92.4858%)

Read1 after filtering:
total reads: 54494345
total bases: 8127453795
Q20 bases: 7944077698(97.7437%)
Q30 bases: 7562626561(93.0504%)

Read2 after filtering:
total reads: 54494345
total bases: 8127335773
Q20 bases: 7950599226(97.8254%)
Q30 bases: 7590800186(93.3984%)

Filtering result:
reads passed filter: 108988690
reads failed due to low quality: 988892
reads failed due to too many N: 33554
reads failed due to too short: 209310
reads with adapter trimmed: 2555974
bases trimmed due to adapters: 97838752
reads with polyX in 3' end: 356765
bases trimmed in polyX tail: 18040918

Duplication rate: 30.1566%

Insert size peak (evaluated by paired-end reads): 269

# Filepaths redacted
