Read1 before filtering:
total reads: 56561308
total bases: 8484196200
Q20 bases: 8276100145(97.5473%)
Q30 bases: 7869894206(92.7595%)

Read2 before filtering:
total reads: 56561308
total bases: 8484196200
Q20 bases: 8250060456(97.2403%)
Q30 bases: 7833486602(92.3303%)

Read1 after filtering:
total reads: 55960832
total bases: 8351275004
Q20 bases: 8166996718(97.7934%)
Q30 bases: 7781953377(93.1828%)

Read2 after filtering:
total reads: 55960832
total bases: 8351176915
Q20 bases: 8163087524(97.7477%)
Q30 bases: 7780690953(93.1688%)

Filtering result:
reads passed filter: 111921664
reads failed due to low quality: 957310
reads failed due to too many N: 33384
reads failed due to too short: 210258
reads with adapter trimmed: 2260386
bases trimmed due to adapters: 89626518
reads with polyX in 3' end: 338674
bases trimmed in polyX tail: 17619401

Duplication rate: 32.8589%

Insert size peak (evaluated by paired-end reads): 269

JSON report: /mnt/shared/scratch/bmoore/RNAseq_preparation/logs/fastp/T3_7396_fastp_report.json
HTML report: /mnt/shared/scratch/bmoore/RNAseq_preparation/logs/fastp/T3_7396_fastp_report.html

fastp -i /mnt/shared/scratch/bmoore/RNAseq_preparation/data/raw/T3_7396_R1.fq.gz -I /mnt/shared/scratch/bmoore/RNAseq_preparation/data/raw/T3_7396_R2.fq.gz -o /mnt/shared/scratch/bmoore/RNAseq_preparation/data/processed/T3_7396_cleaned_R1.fastq.gz -O /mnt/shared/scratch/bmoore/RNAseq_preparation/data/processed/T3_7396_cleaned_R2.fastq.gz --thread 4 --qualified_quality_phred 20 --length_required 50 --trim_poly_x --html /mnt/shared/scratch/bmoore/RNAseq_preparation/logs/fastp/T3_7396_fastp_report.html --json /mnt/shared/scratch/bmoore/RNAseq_preparation/logs/fastp/T3_7396_fastp_report.json 
fastp v0.23.4, time used: 308 seconds
