Read1 before filtering:
total reads: 49033184
total bases: 7354977600
Q20 bases: 7222371853(98.1971%)
Q30 bases: 6957940469(94.6018%)

Read2 before filtering:
total reads: 49033184
total bases: 7354977600
Q20 bases: 7176491763(97.5733%)
Q30 bases: 6864209074(93.3274%)

Read1 after filtering:
total reads: 48504354
total bases: 7243112320
Q20 bases: 7129616575(98.4331%)
Q30 bases: 6882487777(95.0211%)

Read2 after filtering:
total reads: 48504354
total bases: 7243081477
Q20 bases: 7102560814(98.0599%)
Q30 bases: 6818274856(94.135%)

Filtering result:
reads passed filter: 97008708
reads failed due to low quality: 822038
reads failed due to too many N: 45176
reads failed due to too short: 190446
reads with adapter trimmed: 1789158
bases trimmed due to adapters: 67064536
reads with polyX in 3' end: 299034
bases trimmed in polyX tail: 16256039

Duplication rate: 38.9168%

Insert size peak (evaluated by paired-end reads): 269

JSON report: /mnt/shared/scratch/bmoore/RNAseq_preparation/logs/fastp/T3_7276_fastp_report.json
HTML report: /mnt/shared/scratch/bmoore/RNAseq_preparation/logs/fastp/T3_7276_fastp_report.html

fastp -i /mnt/shared/scratch/bmoore/RNAseq_preparation/data/raw/T3_7276_R1.fq.gz -I /mnt/shared/scratch/bmoore/RNAseq_preparation/data/raw/T3_7276_R2.fq.gz -o /mnt/shared/scratch/bmoore/RNAseq_preparation/data/processed/T3_7276_cleaned_R1.fastq.gz -O /mnt/shared/scratch/bmoore/RNAseq_preparation/data/processed/T3_7276_cleaned_R2.fastq.gz --thread 4 --qualified_quality_phred 20 --length_required 50 --trim_poly_x --html /mnt/shared/scratch/bmoore/RNAseq_preparation/logs/fastp/T3_7276_fastp_report.html --json /mnt/shared/scratch/bmoore/RNAseq_preparation/logs/fastp/T3_7276_fastp_report.json 
fastp v0.23.4, time used: 260 seconds
