Read1 before filtering:
total reads: 52249894
total bases: 7837484100
Q20 bases: 7648225837(97.5852%)
Q30 bases: 7280153062(92.8889%)

Read2 before filtering:
total reads: 52249894
total bases: 7837484100
Q20 bases: 7638734325(97.4641%)
Q30 bases: 7285646141(92.959%)

Read1 after filtering:
total reads: 51762687
total bases: 7700275135
Q20 bases: 7534633321(97.8489%)
Q30 bases: 7186882714(93.3328%)

Read2 after filtering:
total reads: 51762687
total bases: 7700202526
Q20 bases: 7544133467(97.9732%)
Q30 bases: 7223433381(93.8084%)

Filtering result:
reads passed filter: 103525374
reads failed due to low quality: 787124
reads failed due to too many N: 32290
reads failed due to too short: 155000
reads with adapter trimmed: 3855588
bases trimmed due to adapters: 131688096
reads with polyX in 3' end: 299297
bases trimmed in polyX tail: 13129240

Duplication rate: 32.0679%

Insert size peak (evaluated by paired-end reads): 269

JSON report: /mnt/shared/scratch/bmoore/RNAseq_preparation/logs/fastp/T3_7534_fastp_report.json
HTML report: /mnt/shared/scratch/bmoore/RNAseq_preparation/logs/fastp/T3_7534_fastp_report.html

fastp -i /mnt/shared/scratch/bmoore/RNAseq_preparation/data/raw/T3_7534_R1.fq.gz -I /mnt/shared/scratch/bmoore/RNAseq_preparation/data/raw/T3_7534_R2.fq.gz -o /mnt/shared/scratch/bmoore/RNAseq_preparation/data/processed/T3_7534_cleaned_R1.fastq.gz -O /mnt/shared/scratch/bmoore/RNAseq_preparation/data/processed/T3_7534_cleaned_R2.fastq.gz --thread 4 --qualified_quality_phred 20 --length_required 50 --trim_poly_x --html /mnt/shared/scratch/bmoore/RNAseq_preparation/logs/fastp/T3_7534_fastp_report.html --json /mnt/shared/scratch/bmoore/RNAseq_preparation/logs/fastp/T3_7534_fastp_report.json 
fastp v0.23.4, time used: 279 seconds
